#
# There is insufficient memory for the Java Runtime Environment to continue.
# Native memory allocation (mmap) failed to map 65536 bytes. Error detail: Failed to commit metaspace.
# Possible reasons:
#   The system is out of physical RAM or swap space
#   This process is running with CompressedOops enabled, and the Java Heap may be blocking the growth of the native heap
# Possible solutions:
#   Reduce memory load on the system
#   Increase physical memory or swap space
#   Check if swap backing store is full
#   Decrease Java heap size (-Xmx/-Xms)
#   Decrease number of Java threads
#   Decrease Java thread stack sizes (-Xss)
#   Set larger code cache with -XX:ReservedCodeCacheSize=
#   JVM is running with Unscaled Compressed Oops mode in which the Java heap is
#     placed in the first 4GB address space. The Java Heap base address is the
#     maximum limit for the native heap growth. Please use -XX:HeapBaseMinAddress
#     to set the Java Heap base and to place the Java Heap above 4GB virtual address.
# This output file may be truncated or incomplete.
#
#  Out of Memory Error (virtualSpaceNode.cpp:110), pid=18920, tid=1456
#
# JRE version: OpenJDK Runtime Environment JBR-17.0.14+1-1367.22-nomod (17.0.14+1) (build 17.0.14+1-b1367.22)
# Java VM: OpenJDK 64-Bit Server VM JBR-17.0.14+1-1367.22-nomod (17.0.14+1-b1367.22, mixed mode, emulated-client, sharing, tiered, compressed oops, compressed class ptrs, g1 gc, windows-amd64)
# No core dump will be written. Minidumps are not enabled by default on client versions of Windows
#

---------------  S U M M A R Y ------------

Command Line: -XX:TieredStopAtLevel=1 -Dspring.output.ansi.enabled=always -Dcom.sun.management.jmxremote -Dspring.jmx.enabled=true -Dspring.liveBeansView.mbeanDomain -Dspring.application.admin.enabled=true -Dmanagement.endpoints.jmx.exposure.include=* -javaagent:D:\Program Files\IntelliJ IDEA 2025.2.4\lib\idea_rt.jar=57540 -Dfile.encoding=UTF-8 com.neuroguard.medicalhistoryservice.MedicalHistoryServiceApplication

Host: Intel(R) Core(TM) i3-10110U CPU @ 2.10GHz, 4 cores, 7G,  Windows 11 , 64 bit Build 22621 (10.0.22621.5415)
Time: Wed Mar  4 21:44:18 2026 W. Central Africa Standard Time elapsed time: 5.205435 seconds (0d 0h 0m 5s)

---------------  T H R E A D  ---------------

Current thread (0x000002098e132fa0):  JavaThread "background-preinit" [_thread_in_vm, id=1456, stack(0x0000001753d00000,0x0000001753e00000)]

Stack: [0x0000001753d00000,0x0000001753e00000]
Native frames: (J=compiled Java code, j=interpreted, Vv=VM code, C=native code)
V  [jvm.dll+0x68b969]
V  [jvm.dll+0x84572a]
V  [jvm.dll+0x8473ae]
V  [jvm.dll+0x847a13]
V  [jvm.dll+0x24a83f]
V  [jvm.dll+0x84058d]
V  [jvm.dll+0x62f77e]
V  [jvm.dll+0x1c2e7b]
V  [jvm.dll+0x63210d]
V  [jvm.dll+0x630126]
V  [jvm.dll+0x23f7b0]
V  [jvm.dll+0x1edc4b]
V  [jvm.dll+0x1e357c]
V  [jvm.dll+0x54f3ec]
V  [jvm.dll+0x7be555]
V  [jvm.dll+0x7be66e]
V  [jvm.dll+0x415e9e]
V  [jvm.dll+0x41c079]
C  [java.dll+0x17ec]

Java frames: (J=compiled Java code, j=interpreted, Vv=VM code)
J 1157  java.lang.ClassLoader.defineClass1(Ljava/lang/ClassLoader;Ljava/lang/String;[BIILjava/security/ProtectionDomain;Ljava/lang/String;)Ljava/lang/Class; java.base@17.0.14 (0 bytes) @ 0x000002093e12d6e3 [0x000002093e12d620+0x00000000000000c3]
J 1408 c1 java.lang.ClassLoader.defineClass(Ljava/lang/String;[BIILjava/security/ProtectionDomain;)Ljava/lang/Class; java.base@17.0.14 (43 bytes) @ 0x000002093e1976dc [0x000002093e1975e0+0x00000000000000fc]
J 1414 c1 jdk.internal.loader.BuiltinClassLoader.defineClass(Ljava/lang/String;Ljdk/internal/loader/Resource;)Ljava/lang/Class; java.base@17.0.14 (121 bytes) @ 0x000002093e19b2e4 [0x000002093e19ae20+0x00000000000004c4]
J 1469 c1 jdk.internal.loader.BuiltinClassLoader.findClassOnClassPathOrNull(Ljava/lang/String;)Ljava/lang/Class; java.base@17.0.14 (64 bytes) @ 0x000002093e1b225c [0x000002093e1b1fa0+0x00000000000002bc]
J 1096 c1 jdk.internal.loader.BuiltinClassLoader.loadClassOrNull(Ljava/lang/String;Z)Ljava/lang/Class; java.base@17.0.14 (143 bytes) @ 0x000002093e113f5c [0x000002093e113b00+0x000000000000045c]
J 1211 c1 jdk.internal.loader.ClassLoaders$AppClassLoader.loadClass(Ljava/lang/String;Z)Ljava/lang/Class; java.base@17.0.14 (40 bytes) @ 0x000002093e148fa4 [0x000002093e148e60+0x0000000000000144]
J 1203 c1 java.lang.ClassLoader.loadClass(Ljava/lang/String;)Ljava/lang/Class; java.base@17.0.14 (7 bytes) @ 0x000002093e146e64 [0x000002093e146e20+0x0000000000000044]
v  ~StubRoutines::call_stub
J 785  java.lang.Class.forName0(Ljava/lang/String;ZLjava/lang/ClassLoader;Ljava/lang/Class;)Ljava/lang/Class; java.base@17.0.14 (0 bytes) @ 0x000002093e098eaf [0x000002093e098e20+0x000000000000008f]
J 1481 c1 java.lang.Class.forName(Ljava/lang/String;ZLjava/lang/ClassLoader;)Ljava/lang/Class; java.base@17.0.14 (47 bytes) @ 0x000002093e1b8334 [0x000002093e1b8240+0x00000000000000f4]
j  org.springframework.util.ClassUtils.forName(Ljava/lang/String;Ljava/lang/ClassLoader;)Ljava/lang/Class;+164
j  org.springframework.http.converter.json.Jackson2ObjectMapperBuilder.registerWellKnownModulesIfAvailable(Lorg/springframework/util/MultiValueMap;)V+75
j  org.springframework.http.converter.json.Jackson2ObjectMapperBuilder.configure(Lcom/fasterxml/jackson/databind/ObjectMapper;)V+53
j  org.springframework.http.converter.json.Jackson2ObjectMapperBuilder.build()Lcom/fasterxml/jackson/databind/ObjectMapper;+87
j  org.springframework.http.converter.json.MappingJackson2HttpMessageConverter.<init>()V+4
j  org.springframework.http.converter.support.AllEncompassingFormHttpMessageConverter.<init>()V+55
j  org.springframework.boot.autoconfigure.BackgroundPreinitializer$MessageConverterInitializer.run()V+4
j  org.springframework.boot.autoconfigure.BackgroundPreinitializer$1.runSafely(Ljava/lang/Runnable;)Z+1
j  org.springframework.boot.autoconfigure.BackgroundPreinitializer$1.run()V+32
j  java.lang.Thread.run()V+11 java.base@17.0.14
v  ~StubRoutines::call_stub

Compiled method (n/a)    5223 1157     n 0       java.lang.ClassLoader::defineClass1 (native)
 total in heap  [0x000002093e12d490,0x000002093e12d970] = 1248
 relocation     [0x000002093e12d5e8,0x000002093e12d620] = 56
 main code      [0x000002093e12d620,0x000002093e12d970] = 848

[Constant Pool (empty)]

[MachCode]
[Entry Point]
  # {method} {0x00000209480122e8} 'defineClass1' '(Ljava/lang/ClassLoader;Ljava/lang/String;[BIILjava/security/ProtectionDomain;Ljava/lang/String;)Ljava/lang/Class;' in 'java/lang/ClassLoader'
  # parm0:    rdx:rdx   = 'java/lang/ClassLoader'
  # parm1:    r8:r8     = 'java/lang/String'
  # parm2:    r9:r9     = '[B'
  # parm3:    rdi       = int
  # parm4:    rsi       = int
  # parm5:    rcx:rcx   = 'java/security/ProtectionDomain'
  # parm6:    [sp+0xa0]   = 'java/lang/String'  (sp of caller)
  0x000002093e12d620: 448b 5208 | 49bb 0000 | 0048 0902 | 0000 4d03 | d349 3bc2 | 0f84 0600 

  0x000002093e12d638: ;   {runtime_call ic_miss_stub}
  0x000002093e12d638: 0000 e941 | 3ad1 ff90 
[Verified Entry Point]
  0x000002093e12d640: 8984 2400 | 90ff ff55 | 488b ec48 | 81ec 9000 | 0000 4881 | 7d10 0000 | 0000 488d | 4510 480f 
  0x000002093e12d660: 4445 1048 | 8944 2440 | 4889 4c24 | 7048 83f9 | 0048 8d44 | 2470 480f | 4444 2470 | 4889 4424 
  0x000002093e12d680: 3848 8974 | 2430 4889 | 7c24 284c | 894c 2458 | 4983 f900 | 488d 4424 | 5848 0f44 | 4424 5848 
  0x000002093e12d6a0: 8944 2420 | 4c89 4424 | 5049 83f8 | 004c 8d4c | 2450 4c0f | 444c 2450 | 4889 5424 | 4848 83fa 
  0x000002093e12d6c0: 004c 8d44 | 2448 4c0f | 4444 2448 

  0x000002093e12d6cc: ;   {oop(a 'java/lang/Class'{0x0000000082efd790} = 'java/lang/ClassLoader')}
  0x000002093e12d6cc: 49be 90d7 | ef82 0000 | 0000 4c89 | 7424 784c | 8d74 2478 | 498b d6c5 

  0x000002093e12d6e4: ;   {internal_word}
  0x000002093e12d6e4: f877 49ba | e3d6 123e | 0902 0000 | 4d89 97a0 | 0200 0049 | 89a7 9802 

  0x000002093e12d6fc: ;   {external_word}
  0x000002093e12d6fc: 0000 49ba | f8da b90f | f87f 0000 | 4180 3a00 | 0f84 5200 | 0000 5241 

  0x000002093e12d714: ;   {metadata({method} {0x00000209480122e8} 'defineClass1' '(Ljava/lang/ClassLoader;Ljava/lang/String;[BIILjava/security/ProtectionDomain;Ljava/lang/String;)Ljava/lang/Class;' in 'java/lang/ClassLoader')}
  0x000002093e12d714: 5041 5148 | bae0 2201 | 4809 0200 | 0049 8bcf | 4883 ec20 | f7c4 0f00 | 0000 0f84 | 1a00 0000 
  0x000002093e12d734: 4883 ec08 

  0x000002093e12d738: ;   {runtime_call}
  0x000002093e12d738: 49ba e018 | 6f0f f87f | 0000 41ff | d248 83c4 | 08e9 0d00 

  0x000002093e12d74c: ;   {runtime_call}
  0x000002093e12d74c: 0000 49ba | e018 6f0f | f87f 0000 | 41ff d248 | 83c4 2041 | 5941 585a | 498d 8fb8 | 0200 0041 
  0x000002093e12d76c: c787 4803 | 0000 0400 

  0x000002093e12d774: ;   {runtime_call}
  0x000002093e12d774: 0000 49ba | ac16 f46f | f87f 0000 | 41ff d2c5 | f877 41c7 | 8748 0300 | 0005 0000 | 00f0 8344 
  0x000002093e12d794: 24c0 0049 | 3baf 5003 | 0000 0f87 | 1100 0000 | 4181 bf38 | 0300 0000 | 0000 000f | 842c 0000 
  0x000002093e12d7b4: 00c5 f877 | 4889 45f8 | 498b cf4c | 8be4 4883 | ec20 4883 

  0x000002093e12d7c8: ;   {runtime_call}
  0x000002093e12d7c8: e4f0 49ba | d03e 7f0f | f87f 0000 | 41ff d249 | 8be4 4d33 | e448 8b45 | f841 c787 | 4803 0000 
  0x000002093e12d7e8: 0800 0000 | 4181 bfb8 | 0300 0002 | 0000 000f | 843f 0100 

  0x000002093e12d7fc: ;   {external_word}
  0x000002093e12d7fc: 0049 baf8 | dab9 0ff8 | 7f00 0041 | 803a 000f | 8450 0000 | 0048 8945 

  0x000002093e12d814: ;   {metadata({method} {0x00000209480122e8} 'defineClass1' '(Ljava/lang/ClassLoader;Ljava/lang/String;[BIILjava/security/ProtectionDomain;Ljava/lang/String;)Ljava/lang/Class;' in 'java/lang/ClassLoader')}
  0x000002093e12d814: f848 bae0 | 2201 4809 | 0200 0049 | 8bcf 4883 | ec20 f7c4 | 0f00 0000 | 0f84 1a00 | 0000 4883 
  0x000002093e12d834: ;   {runtime_call}
  0x000002093e12d834: ec08 49ba | e018 6f0f | f87f 0000 | 41ff d248 | 83c4 08e9 | 0d00 0000 

  0x000002093e12d84c: ;   {runtime_call}
  0x000002093e12d84c: 49ba e018 | 6f0f f87f | 0000 41ff | d248 83c4 | 2048 8b45 | f849 c787 | 9802 0000 | 0000 0000 
  0x000002093e12d86c: 49c7 87a0 | 0200 0000 | 0000 00c5 | f877 4885 | c00f 8493 | 0000 0048 | f7c0 0100 | 0000 0f84 
  0x000002093e12d88c: 8300 0000 | 488b 40ff | 4180 7f38 | 000f 846f | 0000 0048 | 83f8 000f | 8465 0000 | 0049 8b4f 
  0x000002093e12d8ac: 2048 83f9 | 000f 8414 | 0000 0048 | 83e9 0849 | 894f 2049 | 034f 3048 | 8901 e943 | 0000 0050 
  0x000002093e12d8cc: 498b d748 | 8bc8 4883 | ec20 f7c4 | 0f00 0000 | 0f84 1a00 | 0000 4883 

  0x000002093e12d8e4: ;   {runtime_call}
  0x000002093e12d8e4: ec08 49ba | c07e 2d0f | f87f 0000 | 41ff d248 | 83c4 08e9 | 0d00 0000 

  0x000002093e12d8fc: ;   {runtime_call}
  0x000002093e12d8fc: 49ba c07e | 2d0f f87f | 0000 41ff | d248 83c4 | 2058 e903 | 0000 0048 | 8b00 498b | 8fd8 0000 
  0x000002093e12d91c: 00c7 8100 | 0100 0000 | 0000 00c9 | 4981 7f08 | 0000 0000 | 0f85 0100 

  0x000002093e12d934: ;   {runtime_call StubRoutines (1)}
  0x000002093e12d934: 0000 c3e9 | c435 ccff | c5f8 7748 | 8945 f84c | 8be4 4883 | ec20 4883 

  0x000002093e12d94c: ;   {runtime_call}
  0x000002093e12d94c: e4f0 49ba | 6049 6f0f | f87f 0000 | 41ff d249 | 8be4 4d33 | e448 8b45 | f8e9 93fe | ffff f4f4 
  0x000002093e12d96c: f4f4 f4f4 
[/MachCode]


Compiled method (c1)    5231 1408       1       java.lang.ClassLoader::defineClass (43 bytes)
 total in heap  [0x000002093e197410,0x000002093e1979d0] = 1472
 relocation     [0x000002093e197568,0x000002093e1975c8] = 96
 main code      [0x000002093e1975e0,0x000002093e197780] = 416
 stub code      [0x000002093e197780,0x000002093e1977f8] = 120
 metadata       [0x000002093e1977f8,0x000002093e197838] = 64
 scopes data    [0x000002093e197838,0x000002093e1978f0] = 184
 scopes pcs     [0x000002093e1978f0,0x000002093e197990] = 160
 dependencies   [0x000002093e197990,0x000002093e1979a8] = 24
 nul chk table  [0x000002093e1979a8,0x000002093e1979d0] = 40

[Constant Pool (empty)]

[MachCode]
[Entry Point]
  # {method} {0x0000020948011ed8} 'defineClass' '(Ljava/lang/String;[BIILjava/security/ProtectionDomain;)Ljava/lang/Class;' in 'java/lang/ClassLoader'
  # this:     rdx:rdx   = 'java/lang/ClassLoader'
  # parm0:    r8:r8     = 'java/lang/String'
  # parm1:    r9:r9     = '[B'
  # parm2:    rdi       = int
  # parm3:    rsi       = int
  # parm4:    rcx:rcx   = 'java/security/ProtectionDomain'
  #           [sp+0xc0]  (sp of caller)
  0x000002093e1975e0: 448b 5208 | 49bb 0000 | 0048 0902 | 0000 4d03 | d34c 3bd0 

  0x000002093e1975f4: ;   {runtime_call ic_miss_stub}
  0x000002093e1975f4: 0f85 869a | caff 660f | 1f44 0000 
[Verified Entry Point]
  0x000002093e197600: 8984 2400 | 90ff ff55 | 4881 ecb0 | 0000 0048 | 8954 2478 | 89b4 2494 | 0000 0089 | bc24 9000 
  0x000002093e197620: 0000 4c89 | 8c24 8800 | 0000 498b | d84c 8bc3 | 4c8b c948 | 8bca 488b | d148 899c | 2480 0000 
  0x000002093e197640: 0066 0f1f 

  0x000002093e197644: ;   {optimized virtual_call}
  0x000002093e197644: 4400 00e8 

  0x000002093e197648: ; ImmutableOopMap {[120]=Oop [136]=Oop [128]=Oop }
                      ;*invokevirtual preDefineClass {reexecute=0 rethrow=0 return_oop=0}
                      ; - java.lang.ClassLoader::defineClass@4 (line 1015)
  0x000002093e197648: f412 0000 | 4889 8424 | 9800 0000 

  0x000002093e197654: ; implicit exception: dispatches to 0x000002093e19771a
  0x000002093e197654: 448b 4010 | 4983 f800 | 0f85 0f00 

  0x000002093e197660: ;   {oop(NULL)}
  0x000002093e197660: 0000 48bb | 0000 0000 | 0000 0000 | e936 0000 | 0045 8b40 | 0c49 83f8 | 000f 850f 

  0x000002093e19767c: ;   {oop(NULL)}
  0x000002093e19767c: 0000 0048 | bb00 0000 | 0000 0000 | 00e9 1900 | 0000 418b | 5038 483b 

  0x000002093e197694: ;   {optimized virtual_call}
  0x000002093e197694: 0266 90e8 

  0x000002093e197698: ; ImmutableOopMap {[120]=Oop [136]=Oop [128]=Oop [152]=Oop }
                      ;*invokevirtual toExternalForm {reexecute=0 rethrow=0 return_oop=0}
                      ; - java.net.URL::toExternalForm@5 (line 1039)
                      ; - java.net.URL::toString@1 (line 1025)
                      ; - java.lang.ClassLoader::defineClassSourceLocation@22 (line 917)
                      ; - java.lang.ClassLoader::defineClass@12 (line 1016)
  0x000002093e197698: 8481 faff | 488b d848 | 8b84 2498 | 0000 008b | b424 9400 | 0000 8bbc | 2490 0000 | 004c 8b8c 
  0x000002093e1976b8: 2488 0000 | 004c 8b84 | 2480 0000 | 0048 8b54 | 2478 4c8b | da49 8bd3 | 488b c848 

  0x000002093e1976d4: ;   {static_call}
  0x000002093e1976d4: 891c 24e8 

  0x000002093e1976d8: ; ImmutableOopMap {[152]=Oop [120]=Oop }
                      ;*invokestatic defineClass1 {reexecute=0 rethrow=0 return_oop=0}
                      ; - java.lang.ClassLoader::defineClass@27 (line 1017)
  0x000002093e1976d8: 645f f9ff | 4c8b c04c | 8b8c 2498 | 0000 0048 | 8b54 2478 | 4889 8424 | a000 0000 

  0x000002093e1976f4: ;   {optimized virtual_call}
  0x000002093e1976f4: 6666 90e8 

  0x000002093e1976f8: ; ImmutableOopMap {[160]=Oop }
                      ;*invokevirtual postDefineClass {reexecute=0 rethrow=0 return_oop=0}
                      ; - java.lang.ClassLoader::defineClass@37 (line 1018)
  0x000002093e1976f8: 04b7 0100 | 488b 8424 | a000 0000 | 4881 c4b0 | 0000 005d 

  0x000002093e19770c: ;   {poll_return}
  0x000002093e19770c: 493b a750 | 0300 000f | 8715 0000 

  0x000002093e197718: ;   {runtime_call throw_null_pointer_exception Runtime1 stub}
  0x000002093e197718: 00c3 e801 

  0x000002093e19771c: ; ImmutableOopMap {[120]=Oop [136]=Oop [128]=Oop rax=Oop [152]=Oop }
                      ;*invokevirtual getCodeSource {reexecute=0 rethrow=0 return_oop=0}
                      ; - java.lang.ClassLoader::defineClassSourceLocation@1 (line 914)
                      ; - java.lang.ClassLoader::defineClass@12 (line 1016)
                      ;   {runtime_call throw_null_pointer_exception Runtime1 stub}
  0x000002093e19771c: 99d4 ffe8 

  0x000002093e197720: ; ImmutableOopMap {[120]=Oop [136]=Oop [128]=Oop rax=Oop [152]=Oop }
                      ;*invokevirtual getLocation {reexecute=0 rethrow=0 return_oop=0}
                      ; - java.lang.ClassLoader::defineClassSourceLocation@12 (line 916)
                      ; - java.lang.ClassLoader::defineClass@12 (line 1016)
  0x000002093e197720: fc98 d4ff 

  0x000002093e197724: ;   {runtime_call throw_null_pointer_exception Runtime1 stub}
  0x000002093e197724: e8f7 98d4 

  0x000002093e197728: ; ImmutableOopMap {[120]=Oop [136]=Oop [128]=Oop [152]=Oop r8=Oop }
                      ;*invokevirtual toString {reexecute=0 rethrow=0 return_oop=0}
                      ; - java.lang.ClassLoader::defineClassSourceLocation@22 (line 917)
                      ; - java.lang.ClassLoader::defineClass@12 (line 1016)
                      ;   {runtime_call throw_null_pointer_exception Runtime1 stub}
  0x000002093e197728: ffe8 f298 

  0x000002093e19772c: ; ImmutableOopMap {[120]=Oop [136]=Oop [128]=Oop [152]=Oop r8=Oop rdx=Oop }
                      ;*invokevirtual toExternalForm {reexecute=0 rethrow=0 return_oop=0}
                      ; - java.net.URL::toExternalForm@5 (line 1039)
                      ; - java.net.URL::toString@1 (line 1025)
                      ; - java.lang.ClassLoader::defineClassSourceLocation@22 (line 917)
                      ; - java.lang.ClassLoader::defineClass@12 (line 1016)
                      ;   {internal_word}
  0x000002093e19772c: d4ff 49ba | 0c77 193e | 0902 0000 | 4d89 9768 

  0x000002093e19773c: ;   {runtime_call SafepointBlob}
  0x000002093e19773c: 0300 00e9 | bc02 cbff | 9090 498b | 87e0 0300 | 0049 c787 | e003 0000 | 0000 0000 | 49c7 87e8 
  0x000002093e19775c: 0300 0000 | 0000 0048 | 81c4 b000 

  0x000002093e197768: ;   {runtime_call unwind_exception Runtime1 stub}
  0x000002093e197768: 0000 5de9 | 9089 d4ff | f4f4 f4f4 | f4f4 f4f4 | f4f4 f4f4 | f4f4 f4f4 
[Stub Code]
  0x000002093e197780: ;   {no_reloc}
  0x000002093e197780: 0f1f 4400 

  0x000002093e197784: ;   {static_stub}
  0x000002093e197784: 0048 bb10 | 2201 4809 

  0x000002093e19778c: ;   {runtime_call I2C/C2I adapters}
  0x000002093e19778c: 0200 00e9 | 4d62 caff 

  0x000002093e197794: ;   {static_stub}
  0x000002093e197794: 9048 bb00 | 0000 0000 

  0x000002093e19779c: ;   {runtime_call}
  0x000002093e19779c: 0000 00e9 | fbff ffff 

  0x000002093e1977a4: ;   {static_stub}
  0x000002093e1977a4: 9048 bb00 | 0000 0000 

  0x000002093e1977ac: ;   {runtime_call}
  0x000002093e1977ac: 0000 00e9 | fbff ffff 

  0x000002093e1977b4: ;   {static_stub}
  0x000002093e1977b4: 9048 bb58 | 2301 4809 

  0x000002093e1977bc: ;   {runtime_call I2C/C2I adapters}
  0x000002093e1977bc: 0200 00e9 | 1d62 caff 
[Exception Handler]
  0x000002093e1977c4: ;   {runtime_call handle_exception_from_callee Runtime1 stub}
  0x000002093e1977c4: e837 b6d4 

  0x000002093e1977c8: ;   {external_word}
  0x000002093e1977c8: ff48 b900 | be93 0ff8 | 7f00 0048 

  0x000002093e1977d4: ;   {runtime_call}
  0x000002093e1977d4: 83e4 f049 | ba80 fc5b | 0ff8 7f00 | 0041 ffd2 

  0x000002093e1977e4: ;   {section_word}
  0x000002093e1977e4: f449 bae5 | 7719 3e09 | 0200 0041 

  0x000002093e1977f0: ;   {runtime_call DeoptimizationBlob}
  0x000002093e1977f0: 52e9 aaf4 | caff f4f4 
[/MachCode]


Compiled method (c1)    5238 1414       1       jdk.internal.loader.BuiltinClassLoader::defineClass (121 bytes)
 total in heap  [0x000002093e19ab90,0x000002093e19ba30] = 3744
 relocation     [0x000002093e19ace8,0x000002093e19ae18] = 304
 main code      [0x000002093e19ae20,0x000002093e19b440] = 1568
 stub code      [0x000002093e19b440,0x000002093e19b588] = 328
 metadata       [0x000002093e19b588,0x000002093e19b5e0] = 88
 scopes data    [0x000002093e19b5e0,0x000002093e19b838] = 600
 scopes pcs     [0x000002093e19b838,0x000002093e19b9d8] = 416
 dependencies   [0x000002093e19b9d8,0x000002093e19b9f8] = 32
 handler table  [0x000002093e19b9f8,0x000002093e19ba10] = 24
 nul chk table  [0x000002093e19ba10,0x000002093e19ba30] = 32

[Constant Pool (empty)]

[MachCode]
[Entry Point]
  # {method} {0x00000209484934a0} 'defineClass' '(Ljava/lang/String;Ljdk/internal/loader/Resource;)Ljava/lang/Class;' in 'jdk/internal/loader/BuiltinClassLoader'
  # this:     rdx:rdx   = 'jdk/internal/loader/BuiltinClassLoader'
  # parm0:    r8:r8     = 'java/lang/String'
  # parm1:    r9:r9     = 'jdk/internal/loader/Resource'
  #           [sp+0x110]  (sp of caller)
  0x000002093e19ae20: 448b 5208 | 49bb 0000 | 0048 0902 | 0000 4d03 | d34c 3bd0 

  0x000002093e19ae34: ;   {runtime_call ic_miss_stub}
  0x000002093e19ae34: 0f85 4662 | caff 660f | 1f44 0000 
[Verified Entry Point]
  0x000002093e19ae40: 8984 2400 | 90ff ff55 | 4881 ec00 | 0100 0048 | 8994 24a0 | 0000 004c | 8984 2490 | 0000 004c 
  0x000002093e19ae60: 898c 2498 | 0000 0049 | 8bd1 6666 | 9048 b868 | 0c1c 4809 

  0x000002093e19ae74: ;   {virtual_call}
  0x000002093e19ae74: 0200 00e8 

  0x000002093e19ae78: ; ImmutableOopMap {[152]=Oop [160]=Oop [144]=Oop }
                      ;*invokevirtual getCodeSourceURL {reexecute=0 rethrow=0 return_oop=0}
                      ; - jdk.internal.loader.BuiltinClassLoader::defineClass@1 (line 842)
  0x000002093e19ae78: a429 0000 | 4889 8424 | a800 0000 | 4c8b 8424 | 9000 0000 

  0x000002093e19ae8c: ; implicit exception: dispatches to 0x000002093e19b343
  0x000002093e19ae8c: 418b 7014 

  0x000002093e19ae90: ; implicit exception: dispatches to 0x000002093e19b348
  0x000002093e19ae90: 8b56 0c45 | 0fbe 4810 | 498b c9c1 | e118 c1f9 | 18d3 fa48 | 8bfa ffcf | 4183 f900 | ba00 0000 
  0x000002093e19aeb0: 000f 8505 | 0000 00ba | 0100 0000 | 83e2 0183 | fa00 488b | d641 b82e | 0000 004c | 8bcf 0f84 
  0x000002093e19aed0: 0d00 0000 

  0x000002093e19aed4: ;   {static_call}
  0x000002093e19aed4: 6666 90e8 

  0x000002093e19aed8: ; ImmutableOopMap {[152]=Oop [160]=Oop [168]=Oop [144]=Oop }
                      ;*invokestatic lastIndexOf {reexecute=0 rethrow=0 return_oop=0}
                      ; - java.lang.String::lastIndexOf@13 (line 2489)
                      ; - java.lang.String::lastIndexOf@8 (line 2451)
                      ; - jdk.internal.loader.BuiltinClassLoader::defineClass@8 (line 845)
  0x000002093e19aed8: c4c4 d5ff | e90b 0000 | 0066 0f1f 

  0x000002093e19aee4: ;   {static_call}
  0x000002093e19aee4: 4400 00e8 

  0x000002093e19aee8: ; ImmutableOopMap {[152]=Oop [160]=Oop [168]=Oop [144]=Oop }
                      ;*invokestatic lastIndexOf {reexecute=0 rethrow=0 return_oop=0}
                      ; - java.lang.String::lastIndexOf@25 (line 2490)
                      ; - java.lang.String::lastIndexOf@8 (line 2451)
                      ; - jdk.internal.loader.BuiltinClassLoader::defineClass@8 (line 845)
  0x000002093e19aee8: 946a caff | 83f8 ff0f | 8467 0000 | 0041 b800 | 0000 004c | 8bc8 488b | 9424 9000 

  0x000002093e19af04: ;   {optimized virtual_call}
  0x000002093e19af04: 0000 90e8 

  0x000002093e19af08: ; ImmutableOopMap {[152]=Oop [160]=Oop [168]=Oop [144]=Oop }
                      ;*invokevirtual substring {reexecute=0 rethrow=0 return_oop=0}
                      ; - jdk.internal.loader.BuiltinClassLoader::defineClass@23 (line 847)
  0x000002093e19af08: f497 e1ff | 488b 9424 | 9800 0000 | 4889 8424 | b000 0000 | 9048 b868 | 0c1c 4809 

  0x000002093e19af24: ;   {virtual_call}
  0x000002093e19af24: 0200 00e8 

  0x000002093e19af28: ; ImmutableOopMap {[152]=Oop [160]=Oop [168]=Oop [144]=Oop [176]=Oop }
                      ;*invokevirtual getManifest {reexecute=0 rethrow=0 return_oop=0}
                      ; - jdk.internal.loader.BuiltinClassLoader::defineClass@29 (line 848)
  0x000002093e19af28: 543c 0000 | 4c8b 8424 | b000 0000 | 4c8b c848 | 8bbc 24a8 | 0000 0048 | 8b94 24a0 | 0000 0066 
  0x000002093e19af48: 0f1f 4400 | 0048 b8b0 | 7108 4809 

  0x000002093e19af54: ;   {virtual_call}
  0x000002093e19af54: 0200 00e8 

  0x000002093e19af58: ; ImmutableOopMap {[152]=Oop [160]=Oop [168]=Oop [144]=Oop }
                      ;*invokevirtual defineOrCheckPackage {reexecute=0 rethrow=0 return_oop=0}
                      ; - jdk.internal.loader.BuiltinClassLoader::defineClass@40 (line 849)
  0x000002093e19af58: c4fa ffff | 4c8b 8c24 | 9800 0000 | 488d 9424 | e000 0000 | 4c89 4a08 | 498b 0148 | 83c8 0148 
  0x000002093e19af78: 8902 f049 | 0fb1 110f | 8413 0000 | 0048 2bc4 | 4881 e007 | f0ff ff48 | 8902 0f85 | b503 0000 
  0x000002093e19af98: 418b 510c | 4883 fa00 | 0f85 4700 | 0000 498b | d10f 1f40 | 0048 b868 | 0c1c 4809 

  0x000002093e19afb4: ;   {virtual_call}
  0x000002093e19afb4: 0200 00e8 

  0x000002093e19afb8: ; ImmutableOopMap {[160]=Oop [168]=Oop [144]=Oop [152]=Oop [232]=Oop }
                      ;*invokevirtual getInputStream {reexecute=0 rethrow=0 return_oop=0}
                      ; - jdk.internal.loader.Resource::cachedInputStream@9 (line 77)
                      ; - jdk.internal.loader.Resource::getByteBuffer@1 (line 163)
                      ; - jdk.internal.loader.BuiltinClassLoader::defineClass@45 (line 853)
  0x000002093e19afb8: 64b2 0100 | 410f be57 | 3883 fa00 | 4c8b 8c24 | 9800 0000 | 0f85 8e03 | 0000 4c8b | d045 8951 
  0x000002093e19afd8: 0c49 8bd1 | 4833 d048 | c1ea 1448 | 83fa 000f | 858f 0300 | 0041 8b51 | 0c48 8d84 | 24e0 0000 
  0x000002093e19aff8: 0048 8b30 | 4885 f60f | 840f 0000 | 0048 8b78 | 08f0 480f | b137 0f85 | 8003 0000 | 4883 fa00 
  0x000002093e19b018: 0f84 4400 

  0x000002093e19b01c: ;   {metadata('sun/nio/ByteBuffered')}
  0x000002093e19b01c: 0000 48b8 | 504d 0f48 | 0902 0000 | 8b5a 0849 | ba00 0000 | 4809 0200 | 0049 03da | 483b 4320 
  0x000002093e19b03c: 0f84 2500 | 0000 483b | d80f 841c | 0000 0053 

  0x000002093e19b04c: ;   {runtime_call slow_subtype_check Runtime1 stub}
  0x000002093e19b04c: 50e8 ae89 | d4ff 5b5b | 83fb 000f | 8405 0000 | 00e9 0500 | 0000 4833 | f6eb 0a48 | be01 0000 
  0x000002093e19b06c: 0000 0000 | 0083 fe00 | 0f84 6700 | 0000 4883 | fa00 0f84 | 4400 0000 

  0x000002093e19b084: ;   {metadata('sun/nio/ByteBuffered')}
  0x000002093e19b084: 48bb 504d | 0f48 0902 | 0000 8b7a | 0849 ba00 | 0000 4809 | 0200 0049 | 03fa 483b | 5f20 0f84 
  0x000002093e19b0a4: 2000 0000 | 483b fb0f | 8417 0000 

  0x000002093e19b0b0: ;   {runtime_call slow_subtype_check Runtime1 stub}
  0x000002093e19b0b0: 0057 53e8 | 4889 d4ff | 5f5f 83ff | 000f 84e7 | 0200 00e9 | 0000 0000 | 0f1f 4400 | 0048 b8ff 
  0x000002093e19b0d0: ffff ffff 

  0x000002093e19b0d4: ;   {virtual_call}
  0x000002093e19b0d4: ffff ffe8 

  0x000002093e19b0d8: ; ImmutableOopMap {[160]=Oop [168]=Oop [144]=Oop [152]=Oop }
                      ;*invokeinterface getByteBuffer {reexecute=0 rethrow=0 return_oop=0}
                      ; - jdk.internal.loader.Resource::getByteBuffer@16 (line 165)
                      ; - jdk.internal.loader.BuiltinClassLoader::defineClass@45 (line 853)
  0x000002093e19b0d8: a465 caff | e90a 0000 

  0x000002093e19b0e0: ;   {oop(NULL)}
  0x000002093e19b0e0: 0048 b800 | 0000 0000 | 0000 0048 | 83f8 000f | 84e5 0000 | 0048 8984 | 24b8 0000 | 0048 8b94 
  0x000002093e19b100: 2498 0000 | 0048 b8ff | ffff ffff 

  0x000002093e19b10c: ;   {virtual_call}
  0x000002093e19b10c: ffff ffe8 

  0x000002093e19b110: ; ImmutableOopMap {[160]=Oop [168]=Oop [144]=Oop [184]=Oop }
                      ;*invokevirtual getCodeSigners {reexecute=0 rethrow=0 return_oop=0}
                      ; - jdk.internal.loader.BuiltinClassLoader::defineClass@56 (line 855)
  0x000002093e19b110: 6c65 caff 

  0x000002093e19b114: ;   {metadata('java/security/CodeSource')}
  0x000002093e19b114: 4c8b c848 | baf8 fe00 | 4809 0200 | 0049 8b87 | 0801 0000 | 488d 7828 | 493b bf18 | 0100 000f 
  0x000002093e19b134: 877a 0200 | 0049 89bf | 0801 0000 | 48c7 0001 | 0000 0048 | 8bca 49ba | 0000 0048 | 0902 0000 
  0x000002093e19b154: 492b ca89 | 4808 4833 | c989 480c | 4833 c948 | 8948 1048 | 8948 1848 | 8948 204c | 8b84 24a8 
  0x000002093e19b174: 0000 0048 | 8bd0 4889 | 8424 c000 | 0000 0f1f 

  0x000002093e19b184: ;   {optimized virtual_call}
  0x000002093e19b184: 4400 00e8 

  0x000002093e19b188: ; ImmutableOopMap {[160]=Oop [144]=Oop [184]=Oop [192]=Oop }
                      ;*invokespecial <init> {reexecute=0 rethrow=0 return_oop=0}
                      ; - jdk.internal.loader.BuiltinClassLoader::defineClass@68 (line 856)
  0x000002093e19b188: f461 caff | 4c8b 8424 | c000 0000 | 488b 9424 | a000 0000 

  0x000002093e19b19c: ;   {optimized virtual_call}
  0x000002093e19b19c: 6666 90e8 

  0x000002093e19b1a0: ; ImmutableOopMap {[160]=Oop [144]=Oop [184]=Oop }
                      ;*invokevirtual getProtectionDomain {reexecute=0 rethrow=0 return_oop=0}
                      ; - java.security.SecureClassLoader::defineClass@5 (line 182)
                      ; - jdk.internal.loader.BuiltinClassLoader::defineClass@79 (line 857)
  0x000002093e19b1a0: dc61 caff | 4c8b 8424 | 9000 0000 | 4c8b 8c24 | b800 0000 | 488b f848 | 8b94 24a0 

  0x000002093e19b1bc: ;   {optimized virtual_call}
  0x000002093e19b1bc: 0000 00e8 

  0x000002093e19b1c0: ; ImmutableOopMap {}
                      ;*invokevirtual defineClass {reexecute=0 rethrow=0 return_oop=0}
                      ; - java.security.SecureClassLoader::defineClass@8 (line 182)
                      ; - jdk.internal.loader.BuiltinClassLoader::defineClass@79 (line 857)
  0x000002093e19b1c0: bc61 caff | 4881 c400 | 0100 005d 

  0x000002093e19b1cc: ;   {poll_return}
  0x000002093e19b1cc: 493b a750 | 0300 000f | 87e7 0100 | 00c3 4c8b | 8c24 9800 | 0000 498b | d148 b868 | 0c1c 4809 
  0x000002093e19b1ec: ;   {virtual_call}
  0x000002093e19b1ec: 0200 00e8 

  0x000002093e19b1f0: ; ImmutableOopMap {[160]=Oop [144]=Oop [152]=Oop [168]=Oop }
                      ;*invokevirtual getBytes {reexecute=0 rethrow=0 return_oop=0}
                      ; - jdk.internal.loader.BuiltinClassLoader::defineClass@84 (line 859)
  0x000002093e19b1f0: 6cc0 0100 | 4889 8424 | c800 0000 | 488b 9424 | 9800 0000 | 9048 b868 | 0c1c 4809 

  0x000002093e19b20c: ;   {virtual_call}
  0x000002093e19b20c: 0200 00e8 

  0x000002093e19b210: ; ImmutableOopMap {[160]=Oop [144]=Oop [168]=Oop [200]=Oop }
                      ;*invokevirtual getCodeSigners {reexecute=0 rethrow=0 return_oop=0}
                      ; - jdk.internal.loader.BuiltinClassLoader::defineClass@90 (line 860)
  0x000002093e19b210: 0c40 0000 

  0x000002093e19b214: ;   {metadata('java/security/CodeSource')}
  0x000002093e19b214: 4c8b c848 | baf8 fe00 | 4809 0200 | 0049 8b87 | 0801 0000 | 488d 7828 | 493b bf18 | 0100 000f 
  0x000002093e19b234: 879d 0100 | 0049 89bf | 0801 0000 | 48c7 0001 | 0000 0048 | 8bca 49ba | 0000 0048 | 0902 0000 
  0x000002093e19b254: 492b ca89 | 4808 4833 | c989 480c | 4833 c948 | 8948 1048 | 8948 1848 | 8948 204c | 8b84 24a8 
  0x000002093e19b274: 0000 0048 | 8bd0 4889 | 8424 d000 | 0000 0f1f 

  0x000002093e19b284: ;   {optimized virtual_call}
  0x000002093e19b284: 4400 00e8 

  0x000002093e19b288: ; ImmutableOopMap {[160]=Oop [144]=Oop [200]=Oop [208]=Oop }
                      ;*invokespecial <init> {reexecute=0 rethrow=0 return_oop=0}
                      ; - jdk.internal.loader.BuiltinClassLoader::defineClass@102 (line 861)
  0x000002093e19b288: d4eb ffff | 488b 8424 | c800 0000 

  0x000002093e19b294: ; implicit exception: dispatches to 0x000002093e19b3e3
  0x000002093e19b294: 8b70 0c4c | 8b84 24d0 | 0000 0048 | 8b94 24a0 | 0000 0089 | b424 d800 

  0x000002093e19b2ac: ;   {optimized virtual_call}
  0x000002093e19b2ac: 0000 90e8 

  0x000002093e19b2b0: ; ImmutableOopMap {[160]=Oop [144]=Oop [200]=Oop }
                      ;*invokevirtual getProtectionDomain {reexecute=0 rethrow=0 return_oop=0}
                      ; - java.security.SecureClassLoader::defineClass@9 (line 150)
                      ; - jdk.internal.loader.BuiltinClassLoader::defineClass@117 (line 862)
  0x000002093e19b2b0: acb5 ffff | 4c8b 8424 | 9000 0000 | 4c8b 8c24 | c800 0000 | bf00 0000 | 008b b424 | d800 0000 
  0x000002093e19b2d0: 488b c848 | 8b94 24a0 | 0000 000f 

  0x000002093e19b2dc: ;   {optimized virtual_call}
  0x000002093e19b2dc: 1f40 00e8 

  0x000002093e19b2e0: ; ImmutableOopMap {}
                      ;*invokevirtual defineClass {reexecute=0 rethrow=0 return_oop=0}
                      ; - java.security.SecureClassLoader::defineClass@12 (line 150)
                      ; - jdk.internal.loader.BuiltinClassLoader::defineClass@117 (line 862)
  0x000002093e19b2e0: 1cc3 ffff | 4881 c400 | 0100 005d 

  0x000002093e19b2ec: ;   {poll_return}
  0x000002093e19b2ec: 493b a750 | 0300 000f | 87ef 0000 | 00c3 498b | 87e0 0300 | 004d 33d2 | 4d89 97e0 | 0300 004d 
  0x000002093e19b30c: 33d2 4d89 | 97e8 0300 | 0048 8bf0 | 488d 8424 | e000 0000 | 488b 3848 | 85ff 0f84 | 0f00 0000 
  0x000002093e19b32c: 488b 5808 | f048 0fb1 | 3b0f 85c3 | 0000 0048 | 8bc6 e9f0 

  0x000002093e19b340: ;   {runtime_call throw_null_pointer_exception Runtime1 stub}
  0x000002093e19b340: 0000 00e8 

  0x000002093e19b344: ; ImmutableOopMap {[152]=Oop [160]=Oop rax=Oop [168]=Oop r8=Oop [144]=Oop }
                      ;*invokevirtual lastIndexOf {reexecute=0 rethrow=0 return_oop=0}
                      ; - jdk.internal.loader.BuiltinClassLoader::defineClass@8 (line 845)
  0x000002093e19b344: d85c d4ff 

  0x000002093e19b348: ;   {runtime_call throw_null_pointer_exception Runtime1 stub}
  0x000002093e19b348: e8d3 5cd4 

  0x000002093e19b34c: ; ImmutableOopMap {[152]=Oop [160]=Oop rax=Oop [168]=Oop r8=Oop [144]=Oop rsi=Oop }
                      ;*arraylength {reexecute=0 rethrow=0 return_oop=0}
                      ; - java.lang.String::length@4 (line 1481)
                      ; - java.lang.String::lastIndexOf@3 (line 2451)
                      ; - jdk.internal.loader.BuiltinClassLoader::defineClass@8 (line 845)
  0x000002093e19b34c: ff4c 894c | 2408 4889 

  0x000002093e19b354: ;   {runtime_call monitorenter_nofpu Runtime1 stub}
  0x000002093e19b354: 1424 e8a5 

  0x000002093e19b358: ; ImmutableOopMap {[160]=Oop [168]=Oop [144]=Oop r9=Oop [152]=Oop [232]=Oop }
                      ;*synchronization entry
                      ; - jdk.internal.loader.Resource::cachedInputStream@-1 (line 76)
                      ; - jdk.internal.loader.Resource::getByteBuffer@1 (line 163)
                      ; - jdk.internal.loader.BuiltinClassLoader::defineClass@45 (line 853)
  0x000002093e19b358: 8cd4 ffe9 | 38fc ffff | 418b 510c | 4883 fa00 | 0f84 64fc | ffff 4889 

  0x000002093e19b370: ;   {runtime_call g1_pre_barrier_slow}
  0x000002093e19b370: 1424 e889 | b3d4 ffe9 | 56fc ffff | 4883 f800 | 0f84 67fc | ffff 4c89 

  0x000002093e19b388: ;   {runtime_call g1_post_barrier_slow}
  0x000002093e19b388: 0c24 e871 | b6d4 ffe9 | 59fc ffff | 488d 8424 | e000 0000 | 4889 0424 

  0x000002093e19b3a0: ;   {runtime_call monitorexit_nofpu Runtime1 stub}
  0x000002093e19b3a0: e85b 92d4 | ffe9 6afc | ffff 4889 

  0x000002093e19b3ac: ;   {runtime_call throw_class_cast_exception Runtime1 stub}
  0x000002093e19b3ac: 1424 e86d 

  0x000002093e19b3b0: ; ImmutableOopMap {[160]=Oop [168]=Oop [144]=Oop [152]=Oop }
                      ;*checkcast {reexecute=0 rethrow=0 return_oop=0}
                      ; - jdk.internal.loader.Resource::getByteBuffer@13 (line 165)
                      ; - jdk.internal.loader.BuiltinClassLoader::defineClass@45 (line 853)
  0x000002093e19b3b0: 80d4 ff48 

  0x000002093e19b3b4: ;   {runtime_call fast_new_instance Runtime1 stub}
  0x000002093e19b3b4: 8bd2 e845 

  0x000002093e19b3b8: ; ImmutableOopMap {[160]=Oop [168]=Oop [144]=Oop [184]=Oop r9=Oop }
                      ;*new {reexecute=0 rethrow=0 return_oop=0}
                      ; - jdk.internal.loader.BuiltinClassLoader::defineClass@61 (line 856)
  0x000002093e19b3b8: 65d4 ffe9 | affd ffff 

  0x000002093e19b3c0: ;   {internal_word}
  0x000002093e19b3c0: 49ba ccb1 | 193e 0902 | 0000 4d89 | 9768 0300 

  0x000002093e19b3d0: ;   {runtime_call SafepointBlob}
  0x000002093e19b3d0: 00e9 2ac6 | caff 488b 

  0x000002093e19b3d8: ;   {runtime_call fast_new_instance Runtime1 stub}
  0x000002093e19b3d8: d2e8 2265 

  0x000002093e19b3dc: ; ImmutableOopMap {[160]=Oop [144]=Oop [168]=Oop [200]=Oop r9=Oop }
                      ;*new {reexecute=0 rethrow=0 return_oop=0}
                      ; - jdk.internal.loader.BuiltinClassLoader::defineClass@95 (line 861)
  0x000002093e19b3dc: d4ff e98c 

  0x000002093e19b3e0: ;   {runtime_call throw_null_pointer_exception Runtime1 stub}
  0x000002093e19b3e0: feff ffe8 

  0x000002093e19b3e4: ; ImmutableOopMap {[160]=Oop [144]=Oop [208]=Oop rax=Oop [200]=Oop }
                      ;*arraylength {reexecute=0 rethrow=0 return_oop=0}
                      ; - jdk.internal.loader.BuiltinClassLoader::defineClass@114 (line 862)
  0x000002093e19b3e4: 385c d4ff 

  0x000002093e19b3e8: ;   {internal_word}
  0x000002093e19b3e8: 49ba ecb2 | 193e 0902 | 0000 4d89 | 9768 0300 

  0x000002093e19b3f8: ;   {runtime_call SafepointBlob}
  0x000002093e19b3f8: 00e9 02c6 | caff 488d | 8424 e000 | 0000 4889 

  0x000002093e19b408: ;   {runtime_call monitorexit_nofpu Runtime1 stub}
  0x000002093e19b408: 0424 e8f1 | 91d4 ffe9 | 27ff ffff | 9090 498b | 87e0 0300 | 0049 c787 | e003 0000 | 0000 0000 
  0x000002093e19b428: 49c7 87e8 | 0300 0000 | 0000 0048 | 81c4 0001 

  0x000002093e19b438: ;   {runtime_call unwind_exception Runtime1 stub}
  0x000002093e19b438: 0000 5de9 | c04c d4ff 
[Stub Code]
  0x000002093e19b440: ;   {no_reloc}
  0x000002093e19b440: 0f1f 4400 

  0x000002093e19b444: ;   {static_stub}
  0x000002093e19b444: 0048 bb00 | 0000 0000 

  0x000002093e19b44c: ;   {runtime_call}
  0x000002093e19b44c: 0000 00e9 | fbff ffff 

  0x000002093e19b454: ;   {static_stub}
  0x000002093e19b454: 9048 bb00 | 0000 0000 

  0x000002093e19b45c: ;   {runtime_call}
  0x000002093e19b45c: 0000 00e9 | fbff ffff 

  0x000002093e19b464: ;   {static_stub}
  0x000002093e19b464: 9048 bb00 | 0000 0000 

  0x000002093e19b46c: ;   {runtime_call}
  0x000002093e19b46c: 0000 00e9 | fbff ffff 

  0x000002093e19b474: ;   {static_stub}
  0x000002093e19b474: 9048 bb00 | 0000 0000 

  0x000002093e19b47c: ;   {runtime_call}
  0x000002093e19b47c: 0000 00e9 | fbff ffff 

  0x000002093e19b484: ;   {static_stub}
  0x000002093e19b484: 9048 bb00 | 0000 0000 

  0x000002093e19b48c: ;   {runtime_call}
  0x000002093e19b48c: 0000 00e9 | fbff ffff 

  0x000002093e19b494: ;   {static_stub}
  0x000002093e19b494: 9048 bb00 | 0000 0000 

  0x000002093e19b49c: ;   {runtime_call}
  0x000002093e19b49c: 0000 00e9 | fbff ffff 

  0x000002093e19b4a4: ;   {static_stub}
  0x000002093e19b4a4: 9048 bb00 | 0000 0000 

  0x000002093e19b4ac: ;   {runtime_call}
  0x000002093e19b4ac: 0000 00e9 | fbff ffff 

  0x000002093e19b4b4: ;   {static_stub}
  0x000002093e19b4b4: 9048 bb00 | 0000 0000 

  0x000002093e19b4bc: ;   {runtime_call}
  0x000002093e19b4bc: 0000 00e9 | fbff ffff 

  0x000002093e19b4c4: ;   {static_stub}
  0x000002093e19b4c4: 9048 bb00 | 0000 0000 

  0x000002093e19b4cc: ;   {runtime_call}
  0x000002093e19b4cc: 0000 00e9 | fbff ffff 

  0x000002093e19b4d4: ;   {static_stub}
  0x000002093e19b4d4: 9048 bb00 | 0000 0000 

  0x000002093e19b4dc: ;   {runtime_call}
  0x000002093e19b4dc: 0000 00e9 | fbff ffff 

  0x000002093e19b4e4: ;   {static_stub}
  0x000002093e19b4e4: 9048 bb00 | 0000 0000 

  0x000002093e19b4ec: ;   {runtime_call}
  0x000002093e19b4ec: 0000 00e9 | fbff ffff 

  0x000002093e19b4f4: ;   {static_stub}
  0x000002093e19b4f4: 9048 bb00 | 0000 0000 

  0x000002093e19b4fc: ;   {runtime_call}
  0x000002093e19b4fc: 0000 00e9 | fbff ffff 

  0x000002093e19b504: ;   {static_stub}
  0x000002093e19b504: 9048 bb00 | 0000 0000 

  0x000002093e19b50c: ;   {runtime_call}
  0x000002093e19b50c: 0000 00e9 | fbff ffff 

  0x000002093e19b514: ;   {static_stub}
  0x000002093e19b514: 9048 bb00 | 0000 0000 

  0x000002093e19b51c: ;   {runtime_call}
  0x000002093e19b51c: 0000 00e9 | fbff ffff 

  0x000002093e19b524: ;   {static_stub}
  0x000002093e19b524: 9048 bb00 | 0000 0000 

  0x000002093e19b52c: ;   {runtime_call}
  0x000002093e19b52c: 0000 00e9 | fbff ffff 

  0x000002093e19b534: ;   {static_stub}
  0x000002093e19b534: 9048 bb00 | 0000 0000 

  0x000002093e19b53c: ;   {runtime_call}
  0x000002093e19b53c: 0000 00e9 | fbff ffff 

  0x000002093e19b544: ;   {static_stub}
  0x000002093e19b544: 9048 bb00 | 0000 0000 

  0x000002093e19b54c: ;   {runtime_call}
  0x000002093e19b54c: 0000 00e9 | fbff ffff 
[Exception Handler]
  0x000002093e19b554: ;   {runtime_call handle_exception_from_callee Runtime1 stub}
  0x000002093e19b554: e8a7 78d4 

  0x000002093e19b558: ;   {external_word}
  0x000002093e19b558: ff48 b900 | be93 0ff8 | 7f00 0048 

  0x000002093e19b564: ;   {runtime_call}
  0x000002093e19b564: 83e4 f049 | ba80 fc5b | 0ff8 7f00 | 0041 ffd2 

  0x000002093e19b574: ;   {section_word}
  0x000002093e19b574: f449 ba75 | b519 3e09 | 0200 0041 

  0x000002093e19b580: ;   {runtime_call DeoptimizationBlob}
  0x000002093e19b580: 52e9 1ab7 | caff f4f4 
[/MachCode]


---------------  P R O C E S S  ---------------

Threads class SMR info:
_java_thread_list=0x000002098eaa3db0, length=23, elements={
0x000002093a620100, 0x0000020947c322c0, 0x0000020947c33140, 0x0000020947c40960,
0x0000020947c46540, 0x0000020947c47100, 0x0000020947c49ad0, 0x0000020947c4a540,
0x0000020947c752e0, 0x0000020947c1b680, 0x000002098d158230, 0x000002098d6ede40,
0x000002098d6ee320, 0x000002098d7f78c0, 0x000002098d7f7da0, 0x000002098d9568e0,
0x000002098d80e420, 0x000002098db11da0, 0x000002098e135310, 0x000002098e135820,
0x000002098e132a90, 0x000002098e8e9cf0, 0x000002098e132fa0
}

Java Threads: ( => current thread )
  0x000002093a620100 JavaThread "main" [_thread_blocked, id=22492, stack(0x0000001751d00000,0x0000001751e00000)]
  0x0000020947c322c0 JavaThread "Reference Handler" daemon [_thread_blocked, id=5984, stack(0x0000001752400000,0x0000001752500000)]
  0x0000020947c33140 JavaThread "Finalizer" daemon [_thread_blocked, id=20796, stack(0x0000001752500000,0x0000001752600000)]
  0x0000020947c40960 JavaThread "Signal Dispatcher" daemon [_thread_blocked, id=8856, stack(0x0000001752600000,0x0000001752700000)]
  0x0000020947c46540 JavaThread "Attach Listener" daemon [_thread_blocked, id=22796, stack(0x0000001752700000,0x0000001752800000)]
  0x0000020947c47100 JavaThread "Service Thread" daemon [_thread_blocked, id=23288, stack(0x0000001752800000,0x0000001752900000)]
  0x0000020947c49ad0 JavaThread "Monitor Deflation Thread" daemon [_thread_blocked, id=20772, stack(0x0000001752900000,0x0000001752a00000)]
  0x0000020947c4a540 JavaThread "C1 CompilerThread0" daemon [_thread_blocked, id=13124, stack(0x0000001752a00000,0x0000001752b00000)]
  0x0000020947c752e0 JavaThread "Sweeper thread" daemon [_thread_blocked, id=15480, stack(0x0000001752b00000,0x0000001752c00000)]
  0x0000020947c1b680 JavaThread "Common-Cleaner" daemon [_thread_blocked, id=5648, stack(0x0000001752c00000,0x0000001752d00000)]
  0x000002098d158230 JavaThread "C1 CompilerThread1" daemon [_thread_blocked, id=7988, stack(0x0000001752d00000,0x0000001752e00000)]
  0x000002098d6ede40 JavaThread "Monitor Ctrl-Break" daemon [_thread_in_native, id=9036, stack(0x0000001752f00000,0x0000001753000000)]
  0x000002098d6ee320 JavaThread "Notification Thread" daemon [_thread_blocked, id=21264, stack(0x0000001753000000,0x0000001753100000)]
  0x000002098d7f78c0 JavaThread "RMI TCP Accept-0" daemon [_thread_in_native, id=19788, stack(0x0000001753300000,0x0000001753400000)]
  0x000002098d7f7da0 JavaThread "RMI TCP Connection(1)-192.168.12.12" daemon [_thread_in_native, id=22576, stack(0x0000001753400000,0x0000001753500000)]
  0x000002098d9568e0 JavaThread "RMI Scheduler(0)" daemon [_thread_blocked, id=18628, stack(0x0000001753600000,0x0000001753700000)]
  0x000002098d80e420 JavaThread "JMX server connection timeout 19" daemon [_thread_blocked, id=21032, stack(0x0000001753700000,0x0000001753800000)]
  0x000002098db11da0 JavaThread "RMI TCP Connection(2)-192.168.12.12" daemon [_thread_in_native, id=20268, stack(0x0000001753800000,0x0000001753900000)]
  0x000002098e135310 JavaThread "Thread-0" [_thread_blocked, id=13660, stack(0x0000001753a00000,0x0000001753b00000)]
  0x000002098e135820 JavaThread "restartedMain" [_thread_in_vm, id=21144, stack(0x0000001753900000,0x0000001753a00000)]
  0x000002098e132a90 JavaThread "spring.cloud.inetutils" daemon [_thread_in_native, id=22040, stack(0x0000001753b00000,0x0000001753c00000)]
  0x000002098e8e9cf0 JavaThread "C1 CompilerThread2" daemon [_thread_blocked, id=15332, stack(0x0000001753c00000,0x0000001753d00000)]
=>0x000002098e132fa0 JavaThread "background-preinit" [_thread_in_vm, id=1456, stack(0x0000001753d00000,0x0000001753e00000)]

Other Threads:
  0x0000020947c2c800 VMThread "VM Thread" [stack: 0x0000001752300000,0x0000001752400000] [id=22832]
  0x000002098d809aa0 WatcherThread [stack: 0x0000001753500000,0x0000001753600000] [id=5676]
  0x000002093a677e80 GCTaskThread "GC Thread#0" [stack: 0x0000001751e00000,0x0000001751f00000] [id=17620]
  0x000002098d7b7cf0 GCTaskThread "GC Thread#1" [stack: 0x0000001752e00000,0x0000001752f00000] [id=22220]
  0x000002098d7b7fb0 GCTaskThread "GC Thread#2" [stack: 0x0000001753100000,0x0000001753200000] [id=13476]
  0x000002098d7ce7f0 GCTaskThread "GC Thread#3" [stack: 0x0000001753200000,0x0000001753300000] [id=14824]
  0x000002093a688ee0 ConcurrentGCThread "G1 Main Marker" [stack: 0x0000001751f00000,0x0000001752000000] [id=6856]
  0x000002093a68a0a0 ConcurrentGCThread "G1 Conc#0" [stack: 0x0000001752000000,0x0000001752100000] [id=17564]
  0x000002093a6bdd60 ConcurrentGCThread "G1 Refine#0" [stack: 0x0000001752100000,0x0000001752200000] [id=7804]
  0x000002093a6be790 ConcurrentGCThread "G1 Service" [stack: 0x0000001752200000,0x0000001752300000] [id=15116]

Threads with active compile tasks:

VM state: not at safepoint (normal execution)

VM Mutex/Monitor currently owned by a thread:  ([mutex/lock_event])
[0x000002093a619f30] Metaspace_lock - owner thread: 0x000002098e132fa0

Heap address: 0x0000000082800000, size: 2008 MB, Compressed Oops mode: 32-bit

CDS archive(s) mapped at: [0x0000020948000000-0x0000020948c00000-0x0000020948c00000), size 12582912, SharedBaseAddress: 0x0000020948000000, ArchiveRelocationMode: 1.
Compressed class space mapped at: 0x0000020949000000-0x0000020989000000, reserved size: 1073741824
Narrow klass base: 0x0000020948000000, Narrow klass shift: 0, Narrow klass range: 0x100000000

GC Precious Log:
 CPUs: 4 total, 4 available
 Memory: 8025M
 Large Page Support: Disabled
 NUMA Support: Disabled
 Compressed Oops: Enabled (32-bit)
 Heap Region Size: 1M
 Heap Min Capacity: 8M
 Heap Initial Capacity: 126M
 Heap Max Capacity: 2008M
 Pre-touch: Disabled
 Parallel Workers: 4
 Concurrent Workers: 1
 Concurrent Refinement Workers: 4
 Periodic GC: Disabled

Heap:
 garbage-first heap   total 129024K, used 21630K [0x0000000082800000, 0x0000000100000000)
  region size 1024K, 11 young (11264K), 7 survivors (7168K)
 Metaspace       used 20995K, committed 21312K, reserved 1114112K
  class space    used 2900K, committed 3072K, reserved 1048576K

Heap Regions: E=young(eden), S=young(survivor), O=old, HS=humongous(starts), HC=humongous(continues), CS=collection set, F=free, OA=open archive, CA=closed archive, TAMS=top-at-mark-start (previous, next)
|   0|0x0000000082800000, 0x0000000082900000, 0x0000000082900000|100%|HS|  |TAMS 0x0000000082800000, 0x0000000082800000| Complete 
|   1|0x0000000082900000, 0x0000000082a00000, 0x0000000082a00000|100%|HS|  |TAMS 0x0000000082900000, 0x0000000082900000| Complete 
|   2|0x0000000082a00000, 0x0000000082b00000, 0x0000000082b00000|100%|HS|  |TAMS 0x0000000082a00000, 0x0000000082a00000| Complete 
|   3|0x0000000082b00000, 0x0000000082c00000, 0x0000000082c00000|100%| O|  |TAMS 0x0000000082b00000, 0x0000000082b00000| Untracked 
|   4|0x0000000082c00000, 0x0000000082d00000, 0x0000000082d00000|100%| O|  |TAMS 0x0000000082c00000, 0x0000000082c00000| Untracked 
|   5|0x0000000082d00000, 0x0000000082e00000, 0x0000000082e00000|100%| O|  |TAMS 0x0000000082d00000, 0x0000000082d00000| Untracked 
|   6|0x0000000082e00000, 0x0000000082f00000, 0x0000000082f00000|100%| O|  |TAMS 0x0000000082e00000, 0x0000000082e00000| Untracked 
|   7|0x0000000082f00000, 0x0000000083000000, 0x0000000083000000|100%| O|  |TAMS 0x0000000082f00000, 0x0000000082f00000| Untracked 
|   8|0x0000000083000000, 0x0000000083100000, 0x0000000083100000|100%| O|  |TAMS 0x0000000083000000, 0x0000000083000000| Untracked 
|   9|0x0000000083100000, 0x0000000083200000, 0x0000000083200000|100%| O|  |TAMS 0x0000000083100000, 0x0000000083100000| Untracked 
|  10|0x0000000083200000, 0x0000000083200000, 0x0000000083300000|  0%| F|  |TAMS 0x0000000083200000, 0x0000000083200000| Untracked 
|  11|0x0000000083300000, 0x0000000083300000, 0x0000000083400000|  0%| F|  |TAMS 0x0000000083300000, 0x0000000083300000| Untracked 
|  12|0x0000000083400000, 0x0000000083400000, 0x0000000083500000|  0%| F|  |TAMS 0x0000000083400000, 0x0000000083400000| Untracked 
|  13|0x0000000083500000, 0x0000000083500000, 0x0000000083600000|  0%| F|  |TAMS 0x0000000083500000, 0x0000000083500000| Untracked 
|  14|0x0000000083600000, 0x0000000083700000, 0x0000000083700000|100%| O|  |TAMS 0x0000000083600000, 0x0000000083600000| Untracked 
|  15|0x0000000083700000, 0x0000000083786400, 0x0000000083800000| 52%| O|  |TAMS 0x0000000083700000, 0x0000000083700000| Untracked 
|  16|0x0000000083800000, 0x0000000083800000, 0x0000000083900000|  0%| F|  |TAMS 0x0000000083800000, 0x0000000083800000| Untracked 
|  17|0x0000000083900000, 0x0000000083900000, 0x0000000083a00000|  0%| F|  |TAMS 0x0000000083900000, 0x0000000083900000| Untracked 
|  18|0x0000000083a00000, 0x0000000083a00000, 0x0000000083b00000|  0%| F|  |TAMS 0x0000000083a00000, 0x0000000083a00000| Untracked 
|  19|0x0000000083b00000, 0x0000000083b00000, 0x0000000083c00000|  0%| F|  |TAMS 0x0000000083b00000, 0x0000000083b00000| Untracked 
|  20|0x0000000083c00000, 0x0000000083c00000, 0x0000000083d00000|  0%| F|  |TAMS 0x0000000083c00000, 0x0000000083c00000| Untracked 
|  21|0x0000000083d00000, 0x0000000083d00000, 0x0000000083e00000|  0%| F|  |TAMS 0x0000000083d00000, 0x0000000083d00000| Untracked 
|  22|0x0000000083e00000, 0x0000000083e00000, 0x0000000083f00000|  0%| F|  |TAMS 0x0000000083e00000, 0x0000000083e00000| Untracked 
|  23|0x0000000083f00000, 0x0000000083f00000, 0x0000000084000000|  0%| F|  |TAMS 0x0000000083f00000, 0x0000000083f00000| Untracked 
|  24|0x0000000084000000, 0x0000000084000000, 0x0000000084100000|  0%| F|  |TAMS 0x0000000084000000, 0x0000000084000000| Untracked 
|  25|0x0000000084100000, 0x0000000084100000, 0x0000000084200000|  0%| F|  |TAMS 0x0000000084100000, 0x0000000084100000| Untracked 
|  26|0x0000000084200000, 0x0000000084200000, 0x0000000084300000|  0%| F|  |TAMS 0x0000000084200000, 0x0000000084200000| Untracked 
|  27|0x0000000084300000, 0x0000000084300000, 0x0000000084400000|  0%| F|  |TAMS 0x0000000084300000, 0x0000000084300000| Untracked 
|  28|0x0000000084400000, 0x0000000084400000, 0x0000000084500000|  0%| F|  |TAMS 0x0000000084400000, 0x0000000084400000| Untracked 
|  29|0x0000000084500000, 0x0000000084500000, 0x0000000084600000|  0%| F|  |TAMS 0x0000000084500000, 0x0000000084500000| Untracked 
|  30|0x0000000084600000, 0x0000000084600000, 0x0000000084700000|  0%| F|  |TAMS 0x0000000084600000, 0x0000000084600000| Untracked 
|  31|0x0000000084700000, 0x0000000084700000, 0x0000000084800000|  0%| F|  |TAMS 0x0000000084700000, 0x0000000084700000| Untracked 
|  32|0x0000000084800000, 0x0000000084800000, 0x0000000084900000|  0%| F|  |TAMS 0x0000000084800000, 0x0000000084800000| Untracked 
|  33|0x0000000084900000, 0x0000000084900000, 0x0000000084a00000|  0%| F|  |TAMS 0x0000000084900000, 0x0000000084900000| Untracked 
|  34|0x0000000084a00000, 0x0000000084a00000, 0x0000000084b00000|  0%| F|  |TAMS 0x0000000084a00000, 0x0000000084a00000| Untracked 
|  35|0x0000000084b00000, 0x0000000084b00000, 0x0000000084c00000|  0%| F|  |TAMS 0x0000000084b00000, 0x0000000084b00000| Untracked 
|  36|0x0000000084c00000, 0x0000000084c00000, 0x0000000084d00000|  0%| F|  |TAMS 0x0000000084c00000, 0x0000000084c00000| Untracked 
|  37|0x0000000084d00000, 0x0000000084d00000, 0x0000000084e00000|  0%| F|  |TAMS 0x0000000084d00000, 0x0000000084d00000| Untracked 
|  38|0x0000000084e00000, 0x0000000084e00000, 0x0000000084f00000|  0%| F|  |TAMS 0x0000000084e00000, 0x0000000084e00000| Untracked 
|  39|0x0000000084f00000, 0x0000000084f00000, 0x0000000085000000|  0%| F|  |TAMS 0x0000000084f00000, 0x0000000084f00000| Untracked 
|  40|0x0000000085000000, 0x0000000085000000, 0x0000000085100000|  0%| F|  |TAMS 0x0000000085000000, 0x0000000085000000| Untracked 
|  41|0x0000000085100000, 0x0000000085100000, 0x0000000085200000|  0%| F|  |TAMS 0x0000000085100000, 0x0000000085100000| Untracked 
|  42|0x0000000085200000, 0x0000000085200000, 0x0000000085300000|  0%| F|  |TAMS 0x0000000085200000, 0x0000000085200000| Untracked 
|  43|0x0000000085300000, 0x0000000085300000, 0x0000000085400000|  0%| F|  |TAMS 0x0000000085300000, 0x0000000085300000| Untracked 
|  44|0x0000000085400000, 0x0000000085400000, 0x0000000085500000|  0%| F|  |TAMS 0x0000000085400000, 0x0000000085400000| Untracked 
|  45|0x0000000085500000, 0x0000000085500000, 0x0000000085600000|  0%| F|  |TAMS 0x0000000085500000, 0x0000000085500000| Untracked 
|  46|0x0000000085600000, 0x0000000085600000, 0x0000000085700000|  0%| F|  |TAMS 0x0000000085600000, 0x0000000085600000| Untracked 
|  47|0x0000000085700000, 0x0000000085700000, 0x0000000085800000|  0%| F|  |TAMS 0x0000000085700000, 0x0000000085700000| Untracked 
|  48|0x0000000085800000, 0x0000000085800000, 0x0000000085900000|  0%| F|  |TAMS 0x0000000085800000, 0x0000000085800000| Untracked 
|  49|0x0000000085900000, 0x0000000085900000, 0x0000000085a00000|  0%| F|  |TAMS 0x0000000085900000, 0x0000000085900000| Untracked 
|  50|0x0000000085a00000, 0x0000000085a00000, 0x0000000085b00000|  0%| F|  |TAMS 0x0000000085a00000, 0x0000000085a00000| Untracked 
|  51|0x0000000085b00000, 0x0000000085b00000, 0x0000000085c00000|  0%| F|  |TAMS 0x0000000085b00000, 0x0000000085b00000| Untracked 
|  52|0x0000000085c00000, 0x0000000085c00000, 0x0000000085d00000|  0%| F|  |TAMS 0x0000000085c00000, 0x0000000085c00000| Untracked 
|  53|0x0000000085d00000, 0x0000000085d00000, 0x0000000085e00000|  0%| F|  |TAMS 0x0000000085d00000, 0x0000000085d00000| Untracked 
|  54|0x0000000085e00000, 0x0000000085e99458, 0x0000000085f00000| 59%| S|CS|TAMS 0x0000000085e00000, 0x0000000085e00000| Complete 
|  55|0x0000000085f00000, 0x0000000086000000, 0x0000000086000000|100%| S|CS|TAMS 0x0000000085f00000, 0x0000000085f00000| Complete 
|  56|0x0000000086000000, 0x0000000086100000, 0x0000000086100000|100%| S|CS|TAMS 0x0000000086000000, 0x0000000086000000| Complete 
|  57|0x0000000086100000, 0x0000000086200000, 0x0000000086200000|100%| S|CS|TAMS 0x0000000086100000, 0x0000000086100000| Complete 
|  58|0x0000000086200000, 0x0000000086300000, 0x0000000086300000|100%| S|CS|TAMS 0x0000000086200000, 0x0000000086200000| Complete 
|  59|0x0000000086300000, 0x0000000086400000, 0x0000000086400000|100%| S|CS|TAMS 0x0000000086300000, 0x0000000086300000| Complete 
|  60|0x0000000086400000, 0x0000000086500000, 0x0000000086500000|100%| S|CS|TAMS 0x0000000086400000, 0x0000000086400000| Complete 
|  61|0x0000000086500000, 0x0000000086500000, 0x0000000086600000|  0%| F|  |TAMS 0x0000000086500000, 0x0000000086500000| Untracked 
|  62|0x0000000086600000, 0x0000000086600000, 0x0000000086700000|  0%| F|  |TAMS 0x0000000086600000, 0x0000000086600000| Untracked 
|  63|0x0000000086700000, 0x0000000086700000, 0x0000000086800000|  0%| F|  |TAMS 0x0000000086700000, 0x0000000086700000| Untracked 
|  64|0x0000000086800000, 0x0000000086800000, 0x0000000086900000|  0%| F|  |TAMS 0x0000000086800000, 0x0000000086800000| Untracked 
|  65|0x0000000086900000, 0x0000000086900000, 0x0000000086a00000|  0%| F|  |TAMS 0x0000000086900000, 0x0000000086900000| Untracked 
|  66|0x0000000086a00000, 0x0000000086a00000, 0x0000000086b00000|  0%| F|  |TAMS 0x0000000086a00000, 0x0000000086a00000| Untracked 
|  67|0x0000000086b00000, 0x0000000086b00000, 0x0000000086c00000|  0%| F|  |TAMS 0x0000000086b00000, 0x0000000086b00000| Untracked 
|  68|0x0000000086c00000, 0x0000000086c00000, 0x0000000086d00000|  0%| F|  |TAMS 0x0000000086c00000, 0x0000000086c00000| Untracked 
|  69|0x0000000086d00000, 0x0000000086d00000, 0x0000000086e00000|  0%| F|  |TAMS 0x0000000086d00000, 0x0000000086d00000| Untracked 
|  70|0x0000000086e00000, 0x0000000086e00000, 0x0000000086f00000|  0%| F|  |TAMS 0x0000000086e00000, 0x0000000086e00000| Untracked 
|  71|0x0000000086f00000, 0x0000000086f00000, 0x0000000087000000|  0%| F|  |TAMS 0x0000000086f00000, 0x0000000086f00000| Untracked 
|  72|0x0000000087000000, 0x0000000087000000, 0x0000000087100000|  0%| F|  |TAMS 0x0000000087000000, 0x0000000087000000| Untracked 
|  73|0x0000000087100000, 0x0000000087100000, 0x0000000087200000|  0%| F|  |TAMS 0x0000000087100000, 0x0000000087100000| Untracked 
|  74|0x0000000087200000, 0x0000000087200000, 0x0000000087300000|  0%| F|  |TAMS 0x0000000087200000, 0x0000000087200000| Untracked 
|  75|0x0000000087300000, 0x0000000087300000, 0x0000000087400000|  0%| F|  |TAMS 0x0000000087300000, 0x0000000087300000| Untracked 
|  76|0x0000000087400000, 0x0000000087400000, 0x0000000087500000|  0%| F|  |TAMS 0x0000000087400000, 0x0000000087400000| Untracked 
|  77|0x0000000087500000, 0x0000000087500000, 0x0000000087600000|  0%| F|  |TAMS 0x0000000087500000, 0x0000000087500000| Untracked 
|  78|0x0000000087600000, 0x0000000087600000, 0x0000000087700000|  0%| F|  |TAMS 0x0000000087600000, 0x0000000087600000| Untracked 
|  79|0x0000000087700000, 0x0000000087700000, 0x0000000087800000|  0%| F|  |TAMS 0x0000000087700000, 0x0000000087700000| Untracked 
|  80|0x0000000087800000, 0x0000000087800000, 0x0000000087900000|  0%| F|  |TAMS 0x0000000087800000, 0x0000000087800000| Untracked 
|  81|0x0000000087900000, 0x0000000087900000, 0x0000000087a00000|  0%| F|  |TAMS 0x0000000087900000, 0x0000000087900000| Untracked 
|  82|0x0000000087a00000, 0x0000000087a00000, 0x0000000087b00000|  0%| F|  |TAMS 0x0000000087a00000, 0x0000000087a00000| Untracked 
|  83|0x0000000087b00000, 0x0000000087b00000, 0x0000000087c00000|  0%| F|  |TAMS 0x0000000087b00000, 0x0000000087b00000| Untracked 
|  84|0x0000000087c00000, 0x0000000087c00000, 0x0000000087d00000|  0%| F|  |TAMS 0x0000000087c00000, 0x0000000087c00000| Untracked 
|  85|0x0000000087d00000, 0x0000000087d00000, 0x0000000087e00000|  0%| F|  |TAMS 0x0000000087d00000, 0x0000000087d00000| Untracked 
|  86|0x0000000087e00000, 0x0000000087e00000, 0x0000000087f00000|  0%| F|  |TAMS 0x0000000087e00000, 0x0000000087e00000| Untracked 
|  87|0x0000000087f00000, 0x0000000087f00000, 0x0000000088000000|  0%| F|  |TAMS 0x0000000087f00000, 0x0000000087f00000| Untracked 
|  88|0x0000000088000000, 0x0000000088000000, 0x0000000088100000|  0%| F|  |TAMS 0x0000000088000000, 0x0000000088000000| Untracked 
|  89|0x0000000088100000, 0x0000000088100000, 0x0000000088200000|  0%| F|  |TAMS 0x0000000088100000, 0x0000000088100000| Untracked 
|  90|0x0000000088200000, 0x0000000088200000, 0x0000000088300000|  0%| F|  |TAMS 0x0000000088200000, 0x0000000088200000| Untracked 
|  91|0x0000000088300000, 0x0000000088300000, 0x0000000088400000|  0%| F|  |TAMS 0x0000000088300000, 0x0000000088300000| Untracked 
|  92|0x0000000088400000, 0x0000000088400000, 0x0000000088500000|  0%| F|  |TAMS 0x0000000088400000, 0x0000000088400000| Untracked 
|  93|0x0000000088500000, 0x0000000088500000, 0x0000000088600000|  0%| F|  |TAMS 0x0000000088500000, 0x0000000088500000| Untracked 
|  94|0x0000000088600000, 0x0000000088600000, 0x0000000088700000|  0%| F|  |TAMS 0x0000000088600000, 0x0000000088600000| Untracked 
|  95|0x0000000088700000, 0x0000000088700000, 0x0000000088800000|  0%| F|  |TAMS 0x0000000088700000, 0x0000000088700000| Untracked 
|  96|0x0000000088800000, 0x0000000088800000, 0x0000000088900000|  0%| F|  |TAMS 0x0000000088800000, 0x0000000088800000| Untracked 
|  97|0x0000000088900000, 0x0000000088900000, 0x0000000088a00000|  0%| F|  |TAMS 0x0000000088900000, 0x0000000088900000| Untracked 
|  98|0x0000000088a00000, 0x0000000088a00000, 0x0000000088b00000|  0%| F|  |TAMS 0x0000000088a00000, 0x0000000088a00000| Untracked 
|  99|0x0000000088b00000, 0x0000000088b00000, 0x0000000088c00000|  0%| F|  |TAMS 0x0000000088b00000, 0x0000000088b00000| Untracked 
| 100|0x0000000088c00000, 0x0000000088c00000, 0x0000000088d00000|  0%| F|  |TAMS 0x0000000088c00000, 0x0000000088c00000| Untracked 
| 101|0x0000000088d00000, 0x0000000088d00000, 0x0000000088e00000|  0%| F|  |TAMS 0x0000000088d00000, 0x0000000088d00000| Untracked 
| 102|0x0000000088e00000, 0x0000000088e00000, 0x0000000088f00000|  0%| F|  |TAMS 0x0000000088e00000, 0x0000000088e00000| Untracked 
| 103|0x0000000088f00000, 0x0000000088f00000, 0x0000000089000000|  0%| F|  |TAMS 0x0000000088f00000, 0x0000000088f00000| Untracked 
| 104|0x0000000089000000, 0x0000000089000000, 0x0000000089100000|  0%| F|  |TAMS 0x0000000089000000, 0x0000000089000000| Untracked 
| 105|0x0000000089100000, 0x0000000089100000, 0x0000000089200000|  0%| F|  |TAMS 0x0000000089100000, 0x0000000089100000| Untracked 
| 106|0x0000000089200000, 0x0000000089200000, 0x0000000089300000|  0%| F|  |TAMS 0x0000000089200000, 0x0000000089200000| Untracked 
| 107|0x0000000089300000, 0x0000000089300000, 0x0000000089400000|  0%| F|  |TAMS 0x0000000089300000, 0x0000000089300000| Untracked 
| 108|0x0000000089400000, 0x0000000089400000, 0x0000000089500000|  0%| F|  |TAMS 0x0000000089400000, 0x0000000089400000| Untracked 
| 109|0x0000000089500000, 0x0000000089500000, 0x0000000089600000|  0%| F|  |TAMS 0x0000000089500000, 0x0000000089500000| Untracked 
| 110|0x0000000089600000, 0x0000000089600000, 0x0000000089700000|  0%| F|  |TAMS 0x0000000089600000, 0x0000000089600000| Untracked 
| 111|0x0000000089700000, 0x0000000089700000, 0x0000000089800000|  0%| F|  |TAMS 0x0000000089700000, 0x0000000089700000| Untracked 
| 112|0x0000000089800000, 0x0000000089800000, 0x0000000089900000|  0%| F|  |TAMS 0x0000000089800000, 0x0000000089800000| Untracked 
| 113|0x0000000089900000, 0x0000000089900000, 0x0000000089a00000|  0%| F|  |TAMS 0x0000000089900000, 0x0000000089900000| Untracked 
| 114|0x0000000089a00000, 0x0000000089a00000, 0x0000000089b00000|  0%| F|  |TAMS 0x0000000089a00000, 0x0000000089a00000| Untracked 
| 115|0x0000000089b00000, 0x0000000089b00000, 0x0000000089c00000|  0%| F|  |TAMS 0x0000000089b00000, 0x0000000089b00000| Untracked 
| 116|0x0000000089c00000, 0x0000000089c00000, 0x0000000089d00000|  0%| F|  |TAMS 0x0000000089c00000, 0x0000000089c00000| Untracked 
| 117|0x0000000089d00000, 0x0000000089d00000, 0x0000000089e00000|  0%| F|  |TAMS 0x0000000089d00000, 0x0000000089d00000| Untracked 
| 118|0x0000000089e00000, 0x0000000089e00000, 0x0000000089f00000|  0%| F|  |TAMS 0x0000000089e00000, 0x0000000089e00000| Untracked 
| 119|0x0000000089f00000, 0x0000000089f00000, 0x000000008a000000|  0%| F|  |TAMS 0x0000000089f00000, 0x0000000089f00000| Untracked 
| 120|0x000000008a000000, 0x000000008a000000, 0x000000008a100000|  0%| F|  |TAMS 0x000000008a000000, 0x000000008a000000| Untracked 
| 121|0x000000008a100000, 0x000000008a100000, 0x000000008a200000|  0%| F|  |TAMS 0x000000008a100000, 0x000000008a100000| Untracked 
| 122|0x000000008a200000, 0x000000008a280000, 0x000000008a300000| 50%| E|  |TAMS 0x000000008a200000, 0x000000008a200000| Complete 
| 123|0x000000008a300000, 0x000000008a400000, 0x000000008a400000|100%| E|CS|TAMS 0x000000008a300000, 0x000000008a300000| Complete 
| 124|0x000000008a400000, 0x000000008a500000, 0x000000008a500000|100%| E|CS|TAMS 0x000000008a400000, 0x000000008a400000| Complete 
| 125|0x000000008a500000, 0x000000008a600000, 0x000000008a600000|100%| E|CS|TAMS 0x000000008a500000, 0x000000008a500000| Complete 

Card table byte_map: [0x00000209411e0000,0x00000209415d0000] _byte_map_base: 0x0000020940dcc000

Marking Bits (Prev, Next): (CMBitMap*) 0x000002093a6784a0, (CMBitMap*) 0x000002093a6784e0
 Prev Bits: [0x00000209419c0000, 0x0000020943920000)
 Next Bits: [0x0000020943920000, 0x0000020945880000)

Polling page: 0x0000020939dc0000

Metaspace:

Usage:
  Non-class:     17.67 MB used.
      Class:      2.83 MB used.
       Both:     20.50 MB used.

Virtual space:
  Non-class space:       64.00 MB reserved,      17.81 MB ( 28%) committed,  1 nodes.
      Class space:        1.00 GB reserved,       3.00 MB ( <1%) committed,  1 nodes.
             Both:        1.06 GB reserved,      20.81 MB (  2%) committed. 

Chunk freelists:
   Non-Class:  13.30 MB
       Class:  13.00 MB
        Both:  26.30 MB

MaxMetaspaceSize: unlimited
CompressedClassSpaceSize: 1.00 GB
Initial GC threshold: 21.00 MB
Current GC threshold: 21.00 MB
CDS: on
MetaspaceReclaimPolicy: balanced
 - commit_granule_bytes: 65536.
 - commit_granule_words: 8192.
 - virtual_space_node_default_size: 8388608.
 - enlarge_chunks_in_place: 1.
 - new_chunks_are_fully_committed: 0.
 - uncommit_free_chunks: 1.
 - use_allocation_guard: 0.
 - handle_deallocations: 1.


Internal statistics:

num_allocs_failed_limit: 0.
num_arena_births: 462.
num_arena_deaths: 0.
num_vsnodes_births: 2.
num_vsnodes_deaths: 0.
num_space_committed: 333.
num_space_uncommitted: 0.
num_chunks_returned_to_freelist: 0.
num_chunks_taken_from_freelist: 1089.
num_chunk_merges: 0.
num_chunk_splits: 719.
num_chunks_enlarged: 505.
num_inconsistent_stats: 0.

CodeCache: size=49152Kb used=6345Kb max_used=6345Kb free=42806Kb
 bounds [0x000002093ddf0000, 0x000002093e430000, 0x0000020940df0000]
 total_blobs=3234 nmethods=2713 adapters=446
 compilation: enabled
              stopped_count=0, restarted_count=0
 full_count=0

Compilation events (20 events):
Event: 5.180 Thread 0x000002098e8e9cf0 2706       1       java.util.regex.Pattern$$Lambda$533/0x00000209492f1260::is (5 bytes)
Event: 5.180 Thread 0x000002098e8e9cf0 nmethod 2706 0x000002093e41d310 code [0x000002093e41d4a0, 0x000002093e41d578]
Event: 5.180 Thread 0x0000020947c4a540 nmethod 2705 0x000002093e41d610 code [0x000002093e41d7c0, 0x000002093e41da58]
Event: 5.180 Thread 0x0000020947c4a540 2707   !   1       java.util.regex.Pattern::matcher (44 bytes)
Event: 5.180 Thread 0x000002098e8e9cf0 2708       1       java.util.regex.Matcher::<init> (95 bytes)
Event: 5.181 Thread 0x000002098d158230 nmethod 2704 0x000002093e41db90 code [0x000002093e41ddc0, 0x000002093e41e3b8]
Event: 5.181 Thread 0x000002098d158230 2709       1       org.springframework.util.AntPathMatcher::skipSegment (75 bytes)
Event: 5.181 Thread 0x0000020947c4a540 nmethod 2707 0x000002093e41e910 code [0x000002093e41eac0, 0x000002093e41ed38]
Event: 5.181 Thread 0x0000020947c4a540 2710       1       org.springframework.util.AntPathMatcher::skipSeparator (30 bytes)
Event: 5.181 Thread 0x000002098e8e9cf0 nmethod 2708 0x000002093e41ee90 code [0x000002093e41f040, 0x000002093e41f528]
Event: 5.181 Thread 0x000002098e8e9cf0 2711       1       org.springframework.util.AntPathMatcher::matchStrings (11 bytes)
Event: 5.181 Thread 0x0000020947c4a540 nmethod 2710 0x000002093e41f690 code [0x000002093e41f820, 0x000002093e41f988]
Event: 5.181 Thread 0x0000020947c4a540 2712       1       org.springframework.util.AntPathMatcher::getStringMatcher (102 bytes)
Event: 5.181 Thread 0x000002098e8e9cf0 nmethod 2711 0x000002093e41fb10 code [0x000002093e41fcc0, 0x000002093e41fdd8]
Event: 5.181 Thread 0x000002098e8e9cf0 2713       1       org.springframework.util.AntPathMatcher$AntPathStringMatcher::matchStrings (181 bytes)
Event: 5.181 Thread 0x0000020947c4a540 nmethod 2712 0x000002093e41ff10 code [0x000002093e420100, 0x000002093e4204d8]
Event: 5.181 Thread 0x000002098d158230 nmethod 2709 0x000002093e420690 code [0x000002093e420880, 0x000002093e420d08]
Event: 5.181 Thread 0x000002098e8e9cf0 nmethod 2713 0x000002093e421090 code [0x000002093e421300, 0x000002093e421888]
Event: 5.198 Thread 0x000002098e8e9cf0 2714       1       java.util.concurrent.ConcurrentHashMap::<init> (9 bytes)
Event: 5.198 Thread 0x000002098e8e9cf0 nmethod 2714 0x000002093e421d10 code [0x000002093e421ec0, 0x000002093e421fa8]

GC Heap History (8 events):
Event: 0.943 GC heap before
{Heap before GC invocations=0 (full 0):
 garbage-first heap   total 129024K, used 16384K [0x0000000082800000, 0x0000000100000000)
  region size 1024K, 13 young (13312K), 0 survivors (0K)
 Metaspace       used 3139K, committed 3328K, reserved 1114112K
  class space    used 385K, committed 448K, reserved 1048576K
}
Event: 0.958 GC heap after
{Heap after GC invocations=1 (full 0):
 garbage-first heap   total 129024K, used 10076K [0x0000000082800000, 0x0000000100000000)
  region size 1024K, 2 young (2048K), 2 survivors (2048K)
 Metaspace       used 3139K, committed 3328K, reserved 1114112K
  class space    used 385K, committed 448K, reserved 1048576K
}
Event: 1.954 GC heap before
{Heap before GC invocations=1 (full 0):
 garbage-first heap   total 129024K, used 19292K [0x0000000082800000, 0x0000000100000000)
  region size 1024K, 11 young (11264K), 2 survivors (2048K)
 Metaspace       used 6959K, committed 7168K, reserved 1114112K
  class space    used 907K, committed 1024K, reserved 1048576K
}
Event: 1.957 GC heap after
{Heap after GC invocations=2 (full 0):
 garbage-first heap   total 129024K, used 11250K [0x0000000082800000, 0x0000000100000000)
  region size 1024K, 2 young (2048K), 2 survivors (2048K)
 Metaspace       used 6959K, committed 7168K, reserved 1114112K
  class space    used 907K, committed 1024K, reserved 1048576K
}
Event: 2.414 GC heap before
{Heap before GC invocations=2 (full 0):
 garbage-first heap   total 129024K, used 34802K [0x0000000082800000, 0x0000000100000000)
  region size 1024K, 21 young (21504K), 2 survivors (2048K)
 Metaspace       used 9511K, committed 9792K, reserved 1114112K
  class space    used 1230K, committed 1344K, reserved 1048576K
}
Event: 2.419 GC heap after
{Heap after GC invocations=3 (full 0):
 garbage-first heap   total 129024K, used 14873K [0x0000000082800000, 0x0000000100000000)
  region size 1024K, 3 young (3072K), 3 survivors (3072K)
 Metaspace       used 9511K, committed 9792K, reserved 1114112K
  class space    used 1230K, committed 1344K, reserved 1048576K
}
Event: 5.159 GC heap before
{Heap before GC invocations=3 (full 0):
 garbage-first heap   total 129024K, used 78361K [0x0000000082800000, 0x0000000100000000)
  region size 1024K, 65 young (66560K), 3 survivors (3072K)
 Metaspace       used 20433K, committed 20736K, reserved 1114112K
  class space    used 2817K, committed 2944K, reserved 1048576K
}
Event: 5.167 GC heap after
{Heap after GC invocations=4 (full 0):
 garbage-first heap   total 129024K, used 18558K [0x0000000082800000, 0x0000000100000000)
  region size 1024K, 7 young (7168K), 7 survivors (7168K)
 Metaspace       used 20433K, committed 20736K, reserved 1114112K
  class space    used 2817K, committed 2944K, reserved 1048576K
}

Dll operation events (3 events):
Event: 0.013 Loaded shared library C:\Users\saife\.jdks\jbr-17.0.14\bin\java.dll
Event: 0.031 Loaded shared library C:\Users\saife\.jdks\jbr-17.0.14\bin\jsvml.dll
Event: 0.178 Loaded shared library C:\Users\saife\.jdks\jbr-17.0.14\bin\zip.dll

Deoptimization events (0 events):
No events

Classes loaded (20 events):
Event: 5.172 Loading class java/nio/file/FileTreeWalker$Event
Event: 5.172 Loading class java/nio/file/FileTreeWalker$Event done
Event: 5.172 Loading class java/nio/file/FileTreeWalker$EventType
Event: 5.172 Loading class java/nio/file/FileTreeWalker$EventType done
Event: 5.176 Loading class java/util/regex/Pattern$LazyLoop
Event: 5.176 Loading class java/util/regex/Pattern$LazyLoop done
Event: 5.200 Loading class sun/nio/ch/NativeThreadSet
Event: 5.200 Loading class sun/nio/ch/NativeThreadSet done
Event: 5.200 Loading class sun/nio/ch/FileDispatcherImpl
Event: 5.200 Loading class sun/nio/ch/FileDispatcher
Event: 5.200 Loading class sun/nio/ch/FileDispatcher done
Event: 5.200 Loading class sun/nio/ch/FileDispatcherImpl done
Event: 5.200 Loading class sun/nio/ch/FileChannelImpl$Closer
Event: 5.200 Loading class sun/nio/ch/FileChannelImpl$Closer done
Event: 5.200 Loading class java/nio/channels/Channels
Event: 5.201 Loading class java/nio/channels/Channels done
Event: 5.201 Loading class sun/nio/ch/ChannelInputStream
Event: 5.201 Loading class sun/nio/ch/ChannelInputStream done
Event: 5.203 Loading class java/nio/channels/SelectableChannel
Event: 5.203 Loading class java/nio/channels/SelectableChannel done

Classes unloaded (0 events):
No events

Classes redefined (0 events):
No events

Internal exceptions (20 events):
Event: 3.236 Thread 0x000002098e135820 Exception <a 'java/lang/NoSuchMethodError'{0x0000000088731c48}: 'java.lang.Object java.lang.invoke.DirectMethodHandle$Holder.newInvokeSpecial(java.lang.Object, int, java.lang.Object)'> (0x0000000088731c48) 
thrown [s\src\hotspot\share\interpreter\linkResolver.cpp, line 771]
Event: 3.236 Thread 0x000002098e135820 Exception <a 'java/lang/NoSuchMethodError'{0x0000000088735a08}: 'int java.lang.invoke.DirectMethodHandle$Holder.invokeSpecialIFC(java.lang.Object, java.lang.Object, java.lang.Object, java.lang.Object)'> (0x0000000088735a08) 
thrown [s\src\hotspot\share\interpreter\linkResolver.cpp, line 771]
Event: 3.254 Thread 0x000002098e135820 Exception <a 'java/lang/NoSuchMethodError'{0x00000000887dfbf0}: 'void java.lang.invoke.DirectMethodHandle$Holder.invokeInterface(java.lang.Object, java.lang.Object, java.lang.Object)'> (0x00000000887dfbf0) 
thrown [s\src\hotspot\share\interpreter\linkResolver.cpp, line 771]
Event: 3.272 Thread 0x000002098e135820 Exception <a 'java/lang/NoSuchMethodError'{0x000000008867ef78}: 'java.lang.Object java.lang.invoke.DirectMethodHandle$Holder.invokeSpecial(java.lang.Object, java.lang.Object, java.lang.Object, java.lang.Object, java.lang.Object, java.lang.Object, java.lang.Object, java.lang.Object, java.lang.Object)'> (0x000000008867ef78) 
thrown [s\src\hotspot\share\interpreter\linkResolver.cpp, line 771]
Event: 3.272 Thread 0x000002098e135820 Exception <a 'java/lang/NoSuchMethodError'{0x0000000088683b58}: 'java.lang.Object java.lang.invoke.Invokers$Holder.invoke_MT(java.lang.Object, java.lang.Object, java.lang.Object, java.lang.Object, java.lang.Object, java.lang.Object, java.lang.Object, java.lang.Object, java.lang.Object)'> (0x0000000088683b58) 
thrown [s\src\hotspot\share\interpreter\linkResolver.cpp, line 771]
Event: 3.528 Thread 0x000002098d7f7da0 Exception <a 'java/lang/reflect/InvocationTargetException'{0x0000000088587b60}> (0x0000000088587b60) 
thrown [s\src\hotspot\share\runtime\reflection.cpp, line 1134]
Event: 4.035 Thread 0x000002098d7f7da0 Exception <a 'java/lang/reflect/InvocationTargetException'{0x000000008859d4c8}> (0x000000008859d4c8) 
thrown [s\src\hotspot\share\runtime\reflection.cpp, line 1134]
Event: 4.543 Thread 0x000002098d7f7da0 Exception <a 'java/lang/reflect/InvocationTargetException'{0x00000000885ac288}> (0x00000000885ac288) 
thrown [s\src\hotspot\share\runtime\reflection.cpp, line 1134]
Event: 4.554 Thread 0x000002098e135820 Exception <a 'java/lang/NoSuchMethodError'{0x0000000088483ff8}: 'java.lang.Object java.lang.invoke.DirectMethodHandle$Holder.invokeVirtual(java.lang.Object, java.lang.Object, java.lang.Object)'> (0x0000000088483ff8) 
thrown [s\src\hotspot\share\interpreter\linkResolver.cpp, line 771]
Event: 4.616 Thread 0x000002098e135820 Exception <a 'java/lang/NoSuchMethodError'{0x000000008837d8a8}: 'void java.lang.invoke.DirectMethodHandle$Holder.invokeStatic(java.lang.Object, java.lang.Object, int)'> (0x000000008837d8a8) 
thrown [s\src\hotspot\share\interpreter\linkResolver.cpp, line 771]
Event: 4.621 Thread 0x000002098e135820 Exception <a 'java/lang/NoSuchMethodError'{0x00000000883926e8}: 'void java.lang.invoke.DirectMethodHandle$Holder.invokeStaticInit(java.lang.Object, java.lang.Object, java.lang.Object)'> (0x00000000883926e8) 
thrown [s\src\hotspot\share\interpreter\linkResolver.cpp, line 771]
Event: 4.645 Thread 0x000002098e135820 Exception <a 'java/lang/NoSuchMethodError'{0x0000000088289858}: 'java.lang.Object java.lang.invoke.DirectMethodHandle$Holder.newInvokeSpecial(java.lang.Object, long)'> (0x0000000088289858) 
thrown [s\src\hotspot\share\interpreter\linkResolver.cpp, line 771]
Event: 4.646 Thread 0x000002098e135820 Exception <a 'java/lang/NoSuchMethodError'{0x0000000088290e60}: 'void java.lang.invoke.DirectMethodHandle$Holder.invokeVirtual(java.lang.Object, java.lang.Object, java.lang.Object, java.lang.Object)'> (0x0000000088290e60) 
thrown [s\src\hotspot\share\interpreter\linkResolver.cpp, line 771]
Event: 4.665 Thread 0x000002098e135820 Exception <a 'java/lang/NoSuchMethodError'{0x0000000088147818}: 'java.lang.Object java.lang.invoke.DirectMethodHandle$Holder.invokeSpecial(java.lang.Object, java.lang.Object, long, java.lang.Object, java.lang.Object, java.lang.Object, java.lang.Object, java.lang.Object, java.lang.Object)'> (0x0000000088147818) 
thrown [s\src\hotspot\share\interpreter\linkResolver.cpp, line 771]
Event: 4.665 Thread 0x000002098e135820 Exception <a 'java/lang/NoSuchMethodError'{0x000000008814c098}: 'java.lang.Object java.lang.invoke.DelegatingMethodHandle$Holder.reinvoke_L(java.lang.Object, long, java.lang.Object, java.lang.Object, java.lang.Object, java.lang.Object, java.lang.Object, java.lang.Object)'> (0x000000008814c098) 
thrown [s\src\hotspot\share\interpreter\linkResolver.cpp, line 771]
Event: 4.761 Thread 0x000002098e135820 Exception <a 'java/lang/IncompatibleClassChangeError'{0x0000000087f707a8}: Found class java.lang.Object, but interface was expected> (0x0000000087f707a8) 
thrown [s\src\hotspot\share\interpreter\linkResolver.cpp, line 838]
Event: 4.773 Thread 0x000002098e132fa0 Exception <a 'java/lang/NoClassDefFoundError'{0x0000000087fdba10}: jakarta/validation/Validation> (0x0000000087fdba10) 
thrown [s\src\hotspot\share\classfile\systemDictionary.cpp, line 245]
Event: 5.051 Thread 0x000002098d7f7da0 Exception <a 'java/lang/reflect/InvocationTargetException'{0x000000008730f2f8}> (0x000000008730f2f8) 
thrown [s\src\hotspot\share\runtime\reflection.cpp, line 1134]
Event: 5.171 Thread 0x000002098e135820 Exception <a 'java/lang/NoSuchMethodError'{0x000000008a55aca8}: 'int java.lang.invoke.DirectMethodHandle$Holder.invokeSpecial(java.lang.Object, java.lang.Object, java.lang.Object, java.lang.Object, java.lang.Object)'> (0x000000008a55aca8) 
thrown [s\src\hotspot\share\interpreter\linkResolver.cpp, line 771]
Event: 5.173 Thread 0x000002098e135820 Exception <a 'java/lang/NoSuchMethodError'{0x000000008a563b18}: 'void java.lang.invoke.DirectMethodHandle$Holder.invokeVirtual(java.lang.Object, java.lang.Object)'> (0x000000008a563b18) 
thrown [s\src\hotspot\share\interpreter\linkResolver.cpp, line 771]

VM Operations (20 events):
Event: 2.414 Executing VM operation: G1CollectForAllocation
Event: 2.419 Executing VM operation: G1CollectForAllocation done
Event: 2.770 Executing VM operation: HandshakeAllThreads
Event: 2.770 Executing VM operation: HandshakeAllThreads done
Event: 3.130 Executing VM operation: HandshakeAllThreads
Event: 3.130 Executing VM operation: HandshakeAllThreads done
Event: 3.268 Executing VM operation: ICBufferFull
Event: 3.268 Executing VM operation: ICBufferFull done
Event: 4.275 Executing VM operation: Cleanup
Event: 4.275 Executing VM operation: Cleanup done
Event: 4.732 Executing VM operation: HandshakeAllThreads
Event: 4.732 Executing VM operation: HandshakeAllThreads done
Event: 4.736 Executing VM operation: HandshakeAllThreads
Event: 4.736 Executing VM operation: HandshakeAllThreads done
Event: 5.094 Executing VM operation: HandshakeAllThreads
Event: 5.094 Executing VM operation: HandshakeAllThreads done
Event: 5.145 Executing VM operation: HandshakeAllThreads
Event: 5.145 Executing VM operation: HandshakeAllThreads done
Event: 5.159 Executing VM operation: G1CollectForAllocation
Event: 5.167 Executing VM operation: G1CollectForAllocation done

Memory protections (0 events):
No events

Nmethod flushes (0 events):
No events

Events (20 events):
Event: 1.941 Thread 0x000002098d7f78c0 Thread added: 0x000002098db11da0
Event: 1.958 Thread 0x000002098db11da0 Thread added: 0x000002098dbaf260
Event: 2.003 Thread 0x000002098dbaf260 Thread exited: 0x000002098dbaf260
Event: 2.494 Thread 0x000002098db11da0 Thread added: 0x000002098e133ed0
Event: 2.516 Thread 0x000002093a620100 Thread added: 0x000002098e135310
Event: 2.521 Thread 0x000002098e133ed0 Thread exited: 0x000002098e133ed0
Event: 2.527 Thread 0x000002098e135310 Thread added: 0x000002098e135820
Event: 3.010 Thread 0x000002098d7f7da0 Thread added: 0x000002098e1334b0
Event: 3.027 Thread 0x000002098e1334b0 Thread exited: 0x000002098e1334b0
Event: 3.512 Thread 0x000002098e135820 Thread added: 0x000002098e132a90
Event: 3.522 Thread 0x000002098d7f7da0 Thread added: 0x000002098e132070
Event: 3.532 Thread 0x000002098e132070 Thread exited: 0x000002098e132070
Event: 4.031 Thread 0x000002098d7f7da0 Thread added: 0x000002098e1334b0
Event: 4.036 Thread 0x000002098e1334b0 Thread exited: 0x000002098e1334b0
Event: 4.538 Thread 0x000002098d7f7da0 Thread added: 0x000002098e132fa0
Event: 4.545 Thread 0x000002098e132fa0 Thread exited: 0x000002098e132fa0
Event: 4.722 Thread 0x000002098d158230 Thread added: 0x000002098e8e9cf0
Event: 4.754 Thread 0x000002098e135820 Thread added: 0x000002098e132fa0
Event: 5.048 Thread 0x000002098d7f7da0 Thread added: 0x000002098e132070
Event: 5.069 Thread 0x000002098e132070 Thread exited: 0x000002098e132070


Dynamic libraries:
0x00007ff6fd8b0000 - 0x00007ff6fd8ba000 	C:\Users\saife\.jdks\jbr-17.0.14\bin\java.exe
0x00007ff8ba810000 - 0x00007ff8baa28000 	C:\Windows\SYSTEM32\ntdll.dll
0x00007ff8b8cb0000 - 0x00007ff8b8d74000 	C:\Windows\System32\KERNEL32.DLL
0x00007ff8b7c70000 - 0x00007ff8b8043000 	C:\Windows\System32\KERNELBASE.dll
0x00007ff8b80d0000 - 0x00007ff8b81e1000 	C:\Windows\System32\ucrtbase.dll
0x00007ff870030000 - 0x00007ff87004b000 	C:\Users\saife\.jdks\jbr-17.0.14\bin\VCRUNTIME140.dll
0x00007ff870010000 - 0x00007ff870027000 	C:\Users\saife\.jdks\jbr-17.0.14\bin\jli.dll
0x00007ff88d4b0000 - 0x00007ff88d74c000 	C:\Windows\WinSxS\amd64_microsoft.windows.common-controls_6595b64144ccf1df_6.0.22621.6060_none_2712eda17382d24b\COMCTL32.dll
0x00007ff8b89e0000 - 0x00007ff8b8a87000 	C:\Windows\System32\msvcrt.dll
0x00007ff8ba780000 - 0x00007ff8ba7a9000 	C:\Windows\System32\GDI32.dll
0x00007ff8b8360000 - 0x00007ff8b8386000 	C:\Windows\System32\win32u.dll
0x00007ff8b8390000 - 0x00007ff8b84ab000 	C:\Windows\System32\gdi32full.dll
0x00007ff8b7bd0000 - 0x00007ff8b7c6a000 	C:\Windows\System32\msvcp_win.dll
0x00007ff8ba5c0000 - 0x00007ff8ba772000 	C:\Windows\System32\USER32.dll
0x00007ff8b88c0000 - 0x00007ff8b88f1000 	C:\Windows\System32\IMM32.DLL
0x00007ff879840000 - 0x00007ff87984c000 	C:\Users\saife\.jdks\jbr-17.0.14\bin\vcruntime140_1.dll
0x00007ff86ff80000 - 0x00007ff87000d000 	C:\Users\saife\.jdks\jbr-17.0.14\bin\msvcp140.dll
0x00007ff80f000000 - 0x00007ff80fc8e000 	C:\Users\saife\.jdks\jbr-17.0.14\bin\server\jvm.dll
0x00007ff8b8800000 - 0x00007ff8b88b1000 	C:\Windows\System32\ADVAPI32.dll
0x00007ff8b9b70000 - 0x00007ff8b9c18000 	C:\Windows\System32\sechost.dll
0x00007ff8b79a0000 - 0x00007ff8b79c8000 	C:\Windows\System32\bcrypt.dll
0x00007ff8b8670000 - 0x00007ff8b8788000 	C:\Windows\System32\RPCRT4.dll
0x00007ff8ba4d0000 - 0x00007ff8ba541000 	C:\Windows\System32\WS2_32.dll
0x00007ff8b6770000 - 0x00007ff8b67bd000 	C:\Windows\SYSTEM32\POWRPROF.dll
0x00007ff8abe80000 - 0x00007ff8abe8a000 	C:\Windows\SYSTEM32\VERSION.dll
0x00007ff8abec0000 - 0x00007ff8abef4000 	C:\Windows\SYSTEM32\WINMM.dll
0x00007ff8b6750000 - 0x00007ff8b6763000 	C:\Windows\SYSTEM32\UMPDC.dll
0x00007ff8b69f0000 - 0x00007ff8b6a08000 	C:\Windows\SYSTEM32\kernel.appcore.dll
0x00007ff86ff70000 - 0x00007ff86ff7a000 	C:\Users\saife\.jdks\jbr-17.0.14\bin\jimage.dll
0x00007ff8b5500000 - 0x00007ff8b5733000 	C:\Windows\SYSTEM32\DBGHELP.DLL
0x00007ff8b8fc0000 - 0x00007ff8b9351000 	C:\Windows\System32\combase.dll
0x00007ff8b8900000 - 0x00007ff8b89d8000 	C:\Windows\System32\OLEAUT32.dll
0x00007ff889e20000 - 0x00007ff889e52000 	C:\Windows\SYSTEM32\dbgcore.DLL
0x00007ff8b8050000 - 0x00007ff8b80cb000 	C:\Windows\System32\bcryptPrimitives.dll
0x00007ff8b32a0000 - 0x00007ff8b32ae000 	C:\Users\saife\.jdks\jbr-17.0.14\bin\instrument.dll
0x00007ff86ff40000 - 0x00007ff86ff65000 	C:\Users\saife\.jdks\jbr-17.0.14\bin\java.dll
0x00007ff829220000 - 0x00007ff8292f7000 	C:\Users\saife\.jdks\jbr-17.0.14\bin\jsvml.dll
0x00007ff8b9c20000 - 0x00007ff8ba4bc000 	C:\Windows\System32\SHELL32.dll
0x00007ff8b79d0000 - 0x00007ff8b7b0f000 	C:\Windows\System32\wintypes.dll
0x00007ff8b5830000 - 0x00007ff8b614a000 	C:\Windows\SYSTEM32\windows.storage.dll
0x00007ff8b84b0000 - 0x00007ff8b85b4000 	C:\Windows\System32\SHCORE.dll
0x00007ff8b8790000 - 0x00007ff8b87f9000 	C:\Windows\System32\shlwapi.dll
0x00007ff8b7850000 - 0x00007ff8b7875000 	C:\Windows\SYSTEM32\profapi.dll
0x00007ff86ff20000 - 0x00007ff86ff38000 	C:\Users\saife\.jdks\jbr-17.0.14\bin\zip.dll
0x00007ff86ff00000 - 0x00007ff86ff19000 	C:\Users\saife\.jdks\jbr-17.0.14\bin\net.dll
0x00007ff8b40e0000 - 0x00007ff8b420c000 	C:\Windows\SYSTEM32\WINHTTP.dll
0x00007ff8b6ed0000 - 0x00007ff8b6f39000 	C:\Windows\system32\mswsock.dll
0x00007ff86fee0000 - 0x00007ff86fef6000 	C:\Users\saife\.jdks\jbr-17.0.14\bin\nio.dll
0x00007ff85cba0000 - 0x00007ff85cba9000 	C:\Users\saife\.jdks\jbr-17.0.14\bin\extnet.dll
0x00007ff8b6440000 - 0x00007ff8b6538000 	C:\Windows\SYSTEM32\DNSAPI.dll
0x00007ff8b6410000 - 0x00007ff8b643d000 	C:\Windows\SYSTEM32\IPHLPAPI.DLL
0x00007ff8b9360000 - 0x00007ff8b9369000 	C:\Windows\System32\NSI.dll
0x00007ff8a42d0000 - 0x00007ff8a42da000 	C:\Windows\System32\rasadhlp.dll
0x00007ff8aa0e0000 - 0x00007ff8aa164000 	C:\Windows\System32\fwpuclnt.dll
0x00007ff85cb90000 - 0x00007ff85cb99000 	C:\Users\saife\.jdks\jbr-17.0.14\bin\management.dll
0x00007ff83f080000 - 0x00007ff83f08b000 	C:\Users\saife\.jdks\jbr-17.0.14\bin\management_ext.dll
0x00007ff8b8c30000 - 0x00007ff8b8c38000 	C:\Windows\System32\PSAPI.DLL
0x00007ff8b7120000 - 0x00007ff8b713b000 	C:\Windows\SYSTEM32\CRYPTSP.dll
0x00007ff8b6950000 - 0x00007ff8b6987000 	C:\Windows\system32\rsaenh.dll
0x00007ff8b6fc0000 - 0x00007ff8b6fe8000 	C:\Windows\SYSTEM32\USERENV.dll
0x00007ff8b7140000 - 0x00007ff8b714c000 	C:\Windows\SYSTEM32\CRYPTBASE.dll
0x00007ff8ac7a0000 - 0x00007ff8ac7b9000 	C:\Windows\SYSTEM32\dhcpcsvc6.DLL
0x00007ff8ac780000 - 0x00007ff8ac79f000 	C:\Windows\SYSTEM32\dhcpcsvc.DLL
0x00007ff8894c0000 - 0x00007ff8894d7000 	C:\Windows\system32\napinsp.dll
0x00007ff8894a0000 - 0x00007ff8894bb000 	C:\Windows\system32\pnrpnsp.dll
0x00007ff889470000 - 0x00007ff889491000 	C:\Windows\system32\nlansp_c.dll
0x00007ff889450000 - 0x00007ff889461000 	C:\Windows\System32\winrnr.dll
0x00007ff8ab7a0000 - 0x00007ff8ab7b5000 	C:\Windows\system32\wshbth.dll
0x00007ff870d70000 - 0x00007ff870dc0000 	C:\Windows\SYSTEM32\pdh.dll
0x00007ff8ac860000 - 0x00007ff8ac871000 	C:\Windows\System32\perfproc.dll
0x00007ff894170000 - 0x00007ff894180000 	C:\Windows\System32\perfos.dll
0x00007ff8b4dd0000 - 0x00007ff8b4de0000 	C:\Windows\SYSTEM32\pfclient.dll

dbghelp: loaded successfully - version: 4.0.5 - missing functions: none
symbol engine: initialized successfully - sym options: 0x614 - pdb path: .;C:\Users\saife\.jdks\jbr-17.0.14\bin;C:\Windows\SYSTEM32;C:\Windows\WinSxS\amd64_microsoft.windows.common-controls_6595b64144ccf1df_6.0.22621.6060_none_2712eda17382d24b;C:\Users\saife\.jdks\jbr-17.0.14\bin\server

VM Arguments:
jvm_args: -XX:TieredStopAtLevel=1 -Dspring.output.ansi.enabled=always -Dcom.sun.management.jmxremote -Dspring.jmx.enabled=true -Dspring.liveBeansView.mbeanDomain -Dspring.application.admin.enabled=true -Dmanagement.endpoints.jmx.exposure.include=* -javaagent:D:\Program Files\IntelliJ IDEA 2025.2.4\lib\idea_rt.jar=57540 -Dfile.encoding=UTF-8 
java_command: com.neuroguard.medicalhistoryservice.MedicalHistoryServiceApplication
java_class_path (initial): C:\Users\saife\Desktop\PI\NeuroGuard\neuroguard-backend\medical-history-service\target\classes;C:\Users\saife\.m2\repository\org\springframework\boot\spring-boot-starter-actuator\3.5.11\spring-boot-starter-actuator-3.5.11.jar;C:\Users\saife\.m2\repository\org\springframework\boot\spring-boot-starter\3.5.11\spring-boot-starter-3.5.11.jar;C:\Users\saife\.m2\repository\org\springframework\boot\spring-boot-starter-logging\3.5.11\spring-boot-starter-logging-3.5.11.jar;C:\Users\saife\.m2\repository\ch\qos\logback\logback-classic\1.5.32\logback-classic-1.5.32.jar;C:\Users\saife\.m2\repository\ch\qos\logback\logback-core\1.5.32\logback-core-1.5.32.jar;C:\Users\saife\.m2\repository\org\apache\logging\log4j\log4j-to-slf4j\2.24.3\log4j-to-slf4j-2.24.3.jar;C:\Users\saife\.m2\repository\org\apache\logging\log4j\log4j-api\2.24.3\log4j-api-2.24.3.jar;C:\Users\saife\.m2\repository\org\slf4j\jul-to-slf4j\2.0.17\jul-to-slf4j-2.0.17.jar;C:\Users\saife\.m2\repository\jakarta\annotation\jakarta.annotation-api\2.1.1\jakarta.annotation-api-2.1.1.jar;C:\Users\saife\.m2\repository\org\yaml\snakeyaml\2.4\snakeyaml-2.4.jar;C:\Users\saife\.m2\repository\org\springframework\boot\spring-boot-actuator-autoconfigure\3.5.11\spring-boot-actuator-autoconfigure-3.5.11.jar;C:\Users\saife\.m2\repository\org\springframework\boot\spring-boot-actuator\3.5.11\spring-boot-actuator-3.5.11.jar;C:\Users\saife\.m2\repository\com\fasterxml\jackson\datatype\jackson-datatype-jsr310\2.19.4\jackson-datatype-jsr310-2.19.4.jar;C:\Users\saife\.m2\repository\io\micrometer\micrometer-observation\1.15.9\micrometer-observation-1.15.9.jar;C:\Users\saife\.m2\repository\io\micrometer\micrometer-commons\1.15.9\micrometer-commons-1.15.9.jar;C:\Users\saife\.m2\repository\io\micrometer\micrometer-jakarta9\1.15.9\micrometer-jakarta9-1.15.9.jar;C:\Users\saife\.m2\repository\io\micrometer\micrometer-core\1.15.9\micrometer-core-1.15.9.jar;C:\Users\saife\.m2\repository\org\hdrhistogram\HdrHistogram\2.2.2\Hd
Launcher Type: SUN_STANDARD

[Global flags]
     intx CICompilerCount                          = 3                                         {product} {ergonomic}
     uint ConcGCThreads                            = 1                                         {product} {ergonomic}
     uint G1ConcRefinementThreads                  = 4                                         {product} {ergonomic}
   size_t G1HeapRegionSize                         = 1048576                                   {product} {ergonomic}
    uintx GCDrainStackTargetSize                   = 64                                        {product} {ergonomic}
   size_t InitialHeapSize                          = 132120576                                 {product} {ergonomic}
     bool ManagementServer                         = true                                      {product} {command line}
   size_t MarkStackSize                            = 4194304                                   {product} {ergonomic}
   size_t MaxHeapSize                              = 2105540608                                {product} {ergonomic}
   size_t MaxNewSize                               = 1262485504                                {product} {ergonomic}
   size_t MinHeapDeltaBytes                        = 1048576                                   {product} {ergonomic}
   size_t MinHeapSize                              = 8388608                                   {product} {ergonomic}
    uintx NonProfiledCodeHeapSize                  = 0                                      {pd product} {ergonomic}
     bool ProfileInterpreter                       = false                                  {pd product} {command line}
    uintx ProfiledCodeHeapSize                     = 0                                      {pd product} {ergonomic}
   size_t SoftMaxHeapSize                          = 2105540608                             {manageable} {ergonomic}
     intx TieredStopAtLevel                        = 1                                         {product} {command line}
     bool UseCompressedClassPointers               = true                           {product lp64_product} {ergonomic}
     bool UseCompressedOops                        = true                           {product lp64_product} {ergonomic}
     bool UseG1GC                                  = true                                      {product} {ergonomic}
     bool UseLargePagesIndividualAllocation        = false                                  {pd product} {ergonomic}

Logging:
Log output configuration:
 #0: stdout all=warning uptime,level,tags
 #1: stderr all=off uptime,level,tags

Environment Variables:
PATH=C:\Python314\Scripts\;C:\Python314\;D:\VMware Workstation\bin\;C:\Windows\system32;C:\Windows;C:\Windows\System32\Wbem;C:\Windows\System32\WindowsPowerShell\v1.0\;C:\Windows\System32\OpenSSH\;C:\Program Files\nodejs\;C:\ProgramData\chocolatey\bin;C:\Program Files\Git\cmd;C:\Program Files\OpenSSL-Win64\bin;C:\Users\saife\AppData\Local\Microsoft\WindowsApps;C:\Users\saife\AppData\Roaming\npm;D:\Program Files\IntelliJ IDEA 2025.2.4\bin;C:\Users\saife\AppData\Local\Programs\Microsoft VS Code\bin;C:\Program Files\OpenSSL-Win64\bin;
USERNAME=saife
OS=Windows_NT
PROCESSOR_IDENTIFIER=Intel64 Family 6 Model 142 Stepping 12, GenuineIntel
TMP=C:\Users\saife\AppData\Local\Temp
TEMP=C:\Users\saife\AppData\Local\Temp



Periodic native trim disabled

JNI global refs:
JNI global refs: 16, weak refs: 0

JNI global refs memory usage: 843, weak refs: 841

Process memory usage:
Resident Set Size: 171424K (2% of 8218416K total physical memory with 286668K free physical memory)

OOME stack traces (most recent first):
Classloader memory used:
Loader jdk.internal.loader.ClassLoaders$AppClassLoader                                 : 1517K
Loader bootstrap                                                                       : 1090K
Loader jdk.internal.reflect.DelegatingClassLoader                                      : 14001B
Loader jdk.internal.loader.ClassLoaders$PlatformClassLoader                            : 3019B
Loader sun.reflect.misc.MethodUtil                                                     : 373B
Loader org.springframework.boot.devtools.restart.classloader.RestartClassLoader        : 195B

Classes loaded by more than one classloader:
Class com.neuroguard.medicalhistoryservice.MedicalHistoryServiceApplication           : loaded 2 times (x 69B)


---------------  S Y S T E M  ---------------

OS:
 Windows 11 , 64 bit Build 22621 (10.0.22621.5415)
OS uptime: 0 days 5:59 hours

CPU: total 4 (initial active 4) (2 cores per cpu, 2 threads per core) family 6 model 142 stepping 12 microcode 0xde, cx8, cmov, fxsr, ht, mmx, 3dnowpref, sse, sse2, sse3, ssse3, sse4.1, sse4.2, popcnt, lzcnt, tsc, tscinvbit, avx, avx2, aes, erms, clmul, bmi1, bmi2, adx, fma, vzeroupper, clflush, clflushopt
Processor Information for all 4 processors :
  Max Mhz: 2592, Current Mhz: 2592, Mhz Limit: 2073

Memory: 4k page, system-wide physical 8025M (280M free)
TotalPageFile size 22912M (AvailPageFile size 0M)
current process WorkingSet (physical memory assigned to process): 167M, peak: 167M
current process commit charge ("private bytes"): 244M, peak: 245M

vm_info: OpenJDK 64-Bit Server VM (17.0.14+1-b1367.22) for windows-amd64 JRE (17.0.14+1-b1367.22), built on 2025-01-30 by "builduser" with MS VC++ 16.10 / 16.11 (VS2019)

END.
